TN:
SF:src\app.ts
FN:22,createApp
FNF:1
FNH:1
FNDA:5,createApp
DA:1,1
DA:22,1
DA:23,5
DA:26,5
DA:27,0
DA:28,0
DA:31,5
DA:34,5
DA:35,5
DA:36,5
DA:37,5
DA:38,5
DA:39,5
DA:45,5
DA:46,5
DA:49,5
DA:52,5
DA:55,5
DA:58,5
DA:61,5
DA:62,5
DA:63,5
DA:64,5
DA:65,5
DA:66,5
DA:67,5
DA:68,5
DA:69,5
DA:70,5
DA:71,5
DA:74,5
DA:75,1
DA:76,5
DA:79,5
DA:81,5
DA:82,5
LF:36
LH:34
BRDA:22,0,0,5
BRDA:26,1,0,0
BRDA:74,2,0,1
BRF:3
BRH:2
end_of_record
TN:
SF:src\server.ts
FN:1,(empty-report)
FNF:1
FNH:0
FNDA:0,(empty-report)
DA:1,0
DA:2,0
DA:3,0
DA:4,0
DA:5,0
DA:6,0
DA:7,0
DA:8,0
DA:9,0
DA:10,0
DA:11,0
DA:12,0
DA:13,0
DA:14,0
DA:15,0
DA:16,0
DA:17,0
DA:18,0
DA:19,0
DA:20,0
DA:21,0
DA:22,0
DA:23,0
DA:24,0
DA:25,0
DA:26,0
DA:27,0
DA:28,0
DA:29,0
DA:30,0
DA:31,0
DA:32,0
DA:33,0
DA:34,0
DA:35,0
DA:36,0
DA:37,0
DA:38,0
DA:39,0
DA:40,0
DA:41,0
DA:42,0
DA:43,0
DA:44,0
DA:45,0
DA:46,0
DA:47,0
DA:48,0
DA:49,0
DA:50,0
DA:51,0
DA:52,0
DA:53,0
DA:54,0
DA:55,0
DA:56,0
DA:57,0
DA:58,0
DA:59,0
DA:60,0
DA:61,0
DA:62,0
DA:63,0
DA:64,0
DA:65,0
DA:66,0
DA:67,0
DA:68,0
DA:69,0
DA:70,0
DA:71,0
DA:72,0
DA:73,0
DA:74,0
DA:75,0
DA:76,0
DA:77,0
DA:78,0
DA:79,0
DA:80,0
DA:81,0
LF:81
LH:0
BRDA:1,0,0,0
BRF:1
BRH:0
end_of_record
TN:
SF:src\worker.ts
FN:1,(empty-report)
FNF:1
FNH:0
FNDA:0,(empty-report)
DA:1,0
DA:2,0
DA:3,0
DA:4,0
DA:5,0
DA:6,0
DA:7,0
DA:8,0
DA:9,0
DA:10,0
DA:11,0
DA:12,0
DA:13,0
DA:14,0
DA:15,0
DA:16,0
DA:17,0
DA:18,0
DA:19,0
DA:20,0
DA:21,0
DA:22,0
DA:23,0
DA:24,0
DA:25,0
DA:26,0
DA:27,0
DA:28,0
DA:29,0
DA:30,0
DA:31,0
DA:32,0
DA:33,0
DA:34,0
DA:35,0
DA:36,0
DA:37,0
DA:38,0
DA:39,0
DA:40,0
DA:41,0
DA:42,0
DA:43,0
DA:44,0
DA:45,0
DA:46,0
DA:47,0
DA:48,0
DA:49,0
DA:50,0
DA:51,0
DA:52,0
DA:53,0
DA:54,0
DA:55,0
DA:56,0
DA:57,0
DA:58,0
DA:59,0
DA:60,0
DA:61,0
DA:62,0
DA:63,0
DA:64,0
DA:65,0
DA:66,0
DA:67,0
DA:68,0
DA:69,0
DA:70,0
DA:71,0
DA:72,0
DA:73,0
DA:74,0
DA:75,0
DA:76,0
DA:77,0
DA:78,0
DA:79,0
DA:80,0
DA:81,0
DA:82,0
DA:83,0
DA:84,0
DA:85,0
DA:86,0
DA:87,0
DA:88,0
DA:89,0
DA:90,0
DA:91,0
DA:92,0
DA:93,0
DA:94,0
DA:95,0
DA:96,0
DA:97,0
DA:98,0
DA:99,0
DA:100,0
DA:101,0
DA:102,0
DA:103,0
DA:104,0
DA:105,0
DA:106,0
DA:107,0
DA:108,0
DA:109,0
DA:110,0
DA:111,0
DA:112,0
DA:113,0
DA:114,0
DA:115,0
DA:116,0
DA:117,0
DA:118,0
DA:119,0
DA:120,0
DA:121,0
DA:122,0
DA:123,0
DA:124,0
DA:125,0
DA:126,0
LF:126
LH:0
BRDA:1,0,0,0
BRF:1
BRH:0
end_of_record
TN:
SF:src\auth\jwt.ts
FN:15,signToken
FN:23,verifyToken
FN:31,tokenRemainingTtl
FNF:3
FNH:3
FNDA:100,signToken
FNDA:155,verifyToken
FNDA:3,tokenRemainingTtl
DA:1,1
DA:15,1
DA:16,100
DA:17,100
DA:18,100
DA:19,100
DA:20,100
DA:21,100
DA:23,1
DA:24,155
DA:25,155
DA:31,1
DA:32,3
DA:33,3
DA:34,3
LF:15
LH:15
BRDA:15,0,0,100
BRDA:19,1,0,0
BRDA:23,2,0,155
BRDA:31,3,0,3
BRDA:32,4,0,0
BRF:5
BRH:3
end_of_record
TN:
SF:src\auth\schemas.ts
FN:21,errorMap
FNF:1
FNH:1
FNDA:2,errorMap
DA:1,1
DA:6,1
DA:8,1
DA:9,1
DA:10,1
DA:11,1
DA:12,1
DA:13,1
DA:14,1
DA:15,1
DA:16,1
DA:17,1
DA:18,1
DA:19,1
DA:20,1
DA:21,1
DA:22,1
DA:23,1
DA:24,1
DA:26,1
DA:27,1
DA:28,1
DA:29,1
DA:31,1
DA:32,1
DA:33,1
DA:34,1
DA:35,1
DA:36,1
DA:37,1
DA:38,1
DA:39,1
DA:40,1
DA:41,1
LF:34
LH:34
BRDA:21,0,0,2
BRF:1
BRH:1
end_of_record
TN:
SF:src\auth\service.ts
FN:19,sanitizeUser
FN:26,registerUser
FN:61,loginUser
FN:85,getMe
FN:93,changePassword
FNF:5
FNH:5
FNDA:16,sanitizeUser
FNDA:6,registerUser
FNDA:13,loginUser
FNDA:8,getMe
FNDA:8,changePassword
DA:1,1
DA:11,1
DA:12,1
DA:19,16
DA:20,16
DA:21,16
DA:22,16
DA:23,16
DA:24,16
DA:26,6
DA:27,6
DA:28,6
DA:29,2
DA:30,2
DA:32,4
DA:34,4
DA:35,4
DA:36,4
DA:37,4
DA:38,4
DA:39,4
DA:40,4
DA:41,4
DA:42,6
DA:43,0
DA:44,0
DA:45,4
DA:47,4
DA:50,4
DA:51,4
DA:52,4
DA:53,4
DA:54,4
DA:55,4
DA:56,4
DA:58,4
DA:59,4
DA:61,13
DA:63,13
DA:66,13
DA:67,13
DA:68,13
DA:70,13
DA:71,7
DA:72,7
DA:74,13
DA:75,1
DA:76,1
DA:78,5
DA:80,5
DA:82,5
DA:83,5
DA:85,8
DA:86,8
DA:87,8
DA:88,1
DA:89,1
DA:90,7
DA:91,7
DA:93,8
DA:94,8
DA:95,8
DA:96,1
DA:97,1
DA:99,7
DA:100,8
DA:101,3
DA:102,3
DA:104,4
DA:105,4
DA:108,4
DA:109,4
DA:110,4
DA:111,4
DA:112,4
DA:113,4
DA:114,4
DA:115,4
DA:116,4
LF:79
LH:77
BRDA:19,0,0,16
BRDA:20,1,0,0
BRDA:26,2,0,6
BRDA:28,3,0,2
BRDA:30,4,0,4
BRDA:42,5,0,0
BRDA:44,6,0,4
BRDA:61,7,0,13
BRDA:67,8,0,9
BRDA:67,9,0,4
BRDA:70,10,0,9
BRDA:70,11,0,7
BRDA:72,12,0,6
BRDA:74,13,0,9
BRDA:74,14,0,1
BRDA:76,15,0,5
BRDA:85,16,0,8
BRDA:87,17,0,7
BRDA:87,18,0,1
BRDA:93,19,0,8
BRDA:95,20,0,1
BRDA:97,21,0,7
BRDA:100,22,0,5
BRDA:100,23,0,3
BRDA:102,24,0,4
BRF:25
BRH:23
end_of_record
TN:
SF:src\auth\tokenRevocation.ts
FN:22,getRedisClient
FN:49,revokeToken
FN:62,isTokenRevoked
FN:74,closeRevocationClient
FNF:4
FNH:3
FNDA:126,getRedisClient
FNDA:3,revokeToken
FNDA:123,isTokenRevoked
FNDA:0,closeRevocationClient
DA:1,1
DA:19,1
DA:20,1
DA:22,126
DA:23,126
DA:24,126
DA:26,0
DA:27,0
DA:28,0
DA:29,0
DA:30,0
DA:31,0
DA:32,0
DA:33,0
DA:34,0
DA:35,0
DA:36,0
DA:37,0
DA:38,0
DA:39,0
DA:40,126
DA:42,1
DA:49,3
DA:50,3
DA:51,3
DA:52,0
DA:53,0
DA:54,0
DA:55,0
DA:56,0
DA:57,3
DA:62,123
DA:63,123
DA:64,123
DA:65,0
DA:66,0
DA:67,0
DA:68,0
DA:69,0
DA:70,0
DA:71,0
DA:72,123
DA:74,0
DA:75,0
DA:76,0
DA:77,0
DA:78,0
DA:80,0
DA:81,0
DA:82,0
DA:83,0
DA:84,0
LF:52
LH:16
BRDA:22,0,0,126
BRDA:23,1,0,0
BRDA:24,2,0,0
BRDA:24,3,0,0
BRDA:49,4,0,3
BRDA:51,5,0,0
BRDA:62,6,0,123
BRDA:64,7,0,0
BRF:8
BRH:3
end_of_record
TN:
SF:src\config\env.ts
FNF:0
FNH:0
DA:1,1
DA:8,1
DA:9,1
DA:10,1
DA:11,1
DA:13,1
DA:14,1
DA:15,1
DA:16,1
DA:17,1
DA:18,1
DA:19,1
DA:24,1
DA:25,1
DA:29,1
DA:30,1
DA:31,1
DA:32,1
DA:33,1
DA:34,1
DA:36,1
DA:37,1
DA:39,1
DA:45,1
DA:50,1
DA:51,1
DA:52,13
DA:54,0
DA:55,0
DA:56,0
DA:57,0
DA:58,0
DA:60,0
DA:61,0
DA:62,0
DA:63,0
DA:64,0
DA:65,0
DA:66,0
DA:67,0
DA:68,0
DA:69,0
DA:70,0
DA:73,0
DA:74,0
DA:75,0
DA:76,0
DA:77,0
DA:78,0
DA:79,0
DA:80,13
DA:85,1
LF:52
LH:29
BRDA:51,0,0,13
BRDA:52,1,0,0
BRF:2
BRH:1
end_of_record
TN:
SF:src\core\logger.ts
FNF:0
FNH:0
DA:1,1
DA:5,1
DA:12,1
DA:13,1
DA:14,1
DA:15,1
DA:16,1
DA:17,1
DA:18,1
DA:19,1
DA:20,1
DA:21,1
DA:22,1
DA:23,1
DA:24,1
DA:26,1
DA:27,1
DA:28,1
DA:29,1
DA:30,1
DA:31,1
DA:32,1
DA:33,0
DA:34,0
DA:35,0
DA:36,0
DA:37,0
DA:38,0
DA:39,0
DA:40,0
DA:41,0
DA:42,1
LF:32
LH:23
BRDA:32,0,0,0
BRF:1
BRH:0
end_of_record
TN:
SF:src\core\response.ts
FN:6,successResponse
FN:13,errorResponse
FNF:2
FNH:2
FNDA:115,successResponse
FNDA:40,errorResponse
DA:6,1
DA:7,115
DA:8,115
DA:13,1
DA:14,40
DA:15,40
DA:16,40
DA:17,40
DA:18,40
DA:19,40
DA:20,40
DA:21,40
DA:22,40
LF:13
LH:13
BRDA:6,0,0,115
BRDA:7,1,0,2
BRDA:13,2,0,40
BRDA:20,3,0,11
BRF:4
BRH:4
end_of_record
TN:
SF:src\core\errors\index.ts
FN:7,<instance_members_initializer>
FN:12,AppError
FN:30,ValidationError
FN:36,NotFoundError
FN:42,UnauthorizedError
FN:48,ForbiddenError
FN:54,ConflictError
FNF:7
FNH:7
FNDA:41,<instance_members_initializer>
FNDA:41,AppError
FNDA:4,ValidationError
FNDA:5,NotFoundError
FNDA:23,UnauthorizedError
FNDA:3,ForbiddenError
FNDA:2,ConflictError
DA:1,1
DA:6,1
DA:7,1
DA:8,41
DA:9,41
DA:10,41
DA:12,1
DA:13,41
DA:14,41
DA:15,41
DA:16,41
DA:17,41
DA:18,41
DA:19,41
DA:20,41
DA:21,41
DA:22,41
DA:23,41
DA:24,41
DA:25,41
DA:26,41
DA:27,1
DA:29,1
DA:30,1
DA:31,4
DA:32,4
DA:33,1
DA:35,1
DA:36,1
DA:37,5
DA:38,5
DA:39,1
DA:41,1
DA:42,1
DA:43,23
DA:44,23
DA:45,1
DA:47,1
DA:48,1
DA:49,3
DA:50,3
DA:51,1
DA:53,1
DA:54,1
DA:55,2
DA:56,2
DA:57,1
LF:47
LH:47
BRDA:7,0,0,41
BRDA:12,1,0,41
BRDA:30,2,0,4
BRDA:36,3,0,5
BRDA:42,4,0,23
BRDA:48,5,0,3
BRDA:54,6,0,2
BRF:7
BRH:7
end_of_record
TN:
SF:src\database\connection.ts
FN:30,<static_initializer>
FN:31,<instance_members_initializer>
FN:43,DatabaseService
FN:47,getInstance
FN:54,setupEventListeners
FN:80,connect
FN:135,isConnecting
FN:146,disconnect
FN:164,getHealthStatus
FN:211,getConnectionState
FN:221,isConnected
FNF:11
FNH:10
FNDA:10,<static_initializer>
FNDA:10,<instance_members_initializer>
FNDA:10,DatabaseService
FNDA:10,getInstance
FNDA:10,setupEventListeners
FNDA:11,connect
FNDA:0,isConnecting
FNDA:12,disconnect
FNDA:3,getHealthStatus
FNDA:1,getConnectionState
FNDA:2,isConnected
DA:1,1
DA:29,1
DA:30,1
DA:31,1
DA:32,10
DA:34,10
DA:35,10
DA:36,10
DA:37,10
DA:38,10
DA:39,10
DA:40,10
DA:41,10
DA:43,1
DA:44,10
DA:45,10
DA:47,1
DA:48,10
DA:49,10
DA:50,10
DA:51,10
DA:52,10
DA:54,1
DA:55,10
DA:56,11
DA:57,11
DA:58,11
DA:59,11
DA:60,11
DA:61,11
DA:62,10
DA:64,10
DA:65,0
DA:66,10
DA:68,10
DA:69,11
DA:70,10
DA:72,10
DA:73,0
DA:74,10
DA:75,10
DA:80,1
DA:81,11
DA:82,0
DA:83,0
DA:84,0
DA:86,11
DA:87,0
DA:88,0
DA:89,0
DA:91,11
DA:92,11
DA:93,11
DA:95,11
DA:96,11
DA:97,11
DA:99,11
DA:100,11
DA:101,11
DA:102,11
DA:103,11
DA:105,11
DA:106,11
DA:107,11
DA:108,11
DA:109,11
DA:110,11
DA:111,11
DA:113,11
DA:114,11
DA:115,11
DA:116,11
DA:117,11
DA:118,0
DA:119,0
DA:120,0
DA:121,0
DA:122,0
DA:123,0
DA:124,0
DA:125,0
DA:126,0
DA:128,0
DA:129,0
DA:130,0
DA:131,0
DA:132,0
DA:133,0
DA:135,0
DA:136,0
DA:137,11
DA:139,0
DA:140,0
DA:141,11
DA:146,1
DA:147,12
DA:148,1
DA:149,1
DA:151,11
DA:152,11
DA:153,11
DA:154,11
DA:155,12
DA:156,0
DA:157,0
DA:158,0
DA:159,12
DA:164,1
DA:165,3
DA:166,3
DA:167,3
DA:168,3
DA:169,3
DA:170,3
DA:171,3
DA:172,3
DA:174,3
DA:175,1
DA:176,1
DA:177,1
DA:178,1
DA:179,1
DA:180,1
DA:182,2
DA:183,2
DA:184,2
DA:185,2
DA:186,2
DA:187,2
DA:189,2
DA:190,3
DA:191,3
DA:192,3
DA:193,3
DA:194,3
DA:195,3
DA:196,3
DA:197,3
DA:198,3
DA:199,0
DA:200,0
DA:201,0
DA:202,0
DA:203,0
DA:204,0
DA:205,0
DA:206,0
DA:207,0
DA:208,0
DA:209,3
DA:211,1
DA:212,1
DA:213,1
DA:214,1
DA:215,1
DA:216,1
DA:217,1
DA:218,1
DA:219,1
DA:221,1
DA:222,2
DA:223,2
DA:224,1
DA:226,1
LF:164
LH:124
BRDA:30,0,0,10
BRDA:31,1,0,10
BRDA:43,2,0,10
BRDA:47,3,0,10
BRDA:54,4,0,10
BRDA:55,5,0,11
BRDA:68,6,0,11
BRDA:80,7,0,11
BRDA:81,8,0,0
BRDA:86,9,0,0
BRDA:92,10,0,0
BRDA:93,11,0,10
BRDA:99,12,0,1
BRDA:100,13,0,1
BRDA:101,14,0,0
BRDA:102,15,0,0
BRDA:103,16,0,0
BRDA:117,17,0,0
BRDA:137,18,0,0
BRDA:146,19,0,12
BRDA:147,20,0,11
BRDA:147,21,0,1
BRDA:155,22,0,0
BRDA:164,23,0,3
BRDA:172,24,0,0
BRDA:174,25,0,2
BRDA:174,26,0,1
BRDA:190,27,0,0
BRDA:190,28,0,2
BRDA:198,29,0,0
BRDA:211,30,0,1
BRDA:218,31,0,0
BRDA:221,32,0,2
BRF:33
BRH:20
end_of_record
TN:
SF:src\database\index.ts
FN:1,(empty-report)
FNF:1
FNH:0
FNDA:0,(empty-report)
DA:1,0
DA:2,0
DA:3,0
LF:3
LH:0
BRDA:1,0,0,0
BRF:1
BRH:0
end_of_record
TN:
SF:src\database\test-utils.ts
FN:8,setupTestDB
FN:14,teardownTestDB
FN:21,clearTestDB
FNF:3
FNH:3
FNDA:10,setupTestDB
FNDA:10,teardownTestDB
FNDA:113,clearTestDB
DA:1,1
DA:6,1
DA:8,10
DA:9,10
DA:10,10
DA:11,10
DA:12,10
DA:14,10
DA:15,10
DA:16,10
DA:17,10
DA:18,10
DA:19,10
DA:21,113
DA:22,113
DA:23,113
DA:24,767
DA:25,767
DA:26,767
DA:27,767
DA:28,767
DA:29,113
LF:22
LH:22
BRDA:8,0,0,10
BRDA:14,1,0,10
BRDA:21,2,0,113
BRDA:23,3,0,767
BRF:4
BRH:4
end_of_record
TN:
SF:src\database\models\Conversation.ts
FN:54,validator
FN:95,transform
FNF:2
FNH:2
FNDA:16,validator
FNDA:2,transform
DA:1,1
DA:19,1
DA:20,1
DA:21,1
DA:22,1
DA:23,1
DA:24,1
DA:25,1
DA:26,1
DA:27,1
DA:28,1
DA:29,1
DA:30,1
DA:31,1
DA:32,1
DA:48,1
DA:49,1
DA:50,1
DA:51,1
DA:52,1
DA:53,1
DA:54,1
DA:55,1
DA:56,1
DA:57,1
DA:58,1
DA:59,1
DA:60,1
DA:61,1
DA:62,1
DA:63,1
DA:64,1
DA:65,1
DA:66,1
DA:67,1
DA:68,1
DA:69,1
DA:70,1
DA:71,1
DA:72,1
DA:73,1
DA:74,1
DA:75,1
DA:76,1
DA:77,1
DA:78,1
DA:79,1
DA:80,1
DA:81,1
DA:82,1
DA:83,1
DA:84,1
DA:85,1
DA:86,1
DA:87,1
DA:88,1
DA:89,1
DA:90,1
DA:91,1
DA:92,1
DA:93,1
DA:94,1
DA:95,1
DA:96,2
DA:97,2
DA:98,2
DA:99,0
DA:100,0
DA:101,2
DA:102,0
DA:103,0
DA:104,2
DA:105,2
DA:106,4
DA:107,4
DA:108,2
DA:109,2
DA:110,2
DA:111,2
DA:112,2
DA:113,2
DA:114,1
DA:115,1
DA:116,1
DA:118,1
DA:119,1
DA:120,1
DA:122,1
LF:88
LH:84
BRDA:54,0,0,16
BRDA:95,1,0,2
BRDA:98,2,0,0
BRDA:101,3,0,0
BRDA:105,4,0,4
BRF:5
BRH:3
end_of_record
TN:
SF:src\database\models\Interaction.ts
FN:80,transform
FNF:1
FNH:0
FNDA:0,transform
DA:1,1
DA:34,1
DA:35,1
DA:36,1
DA:37,1
DA:38,1
DA:39,1
DA:40,1
DA:41,1
DA:42,1
DA:43,1
DA:44,1
DA:45,1
DA:46,1
DA:47,1
DA:48,1
DA:49,1
DA:50,1
DA:51,1
DA:52,1
DA:53,1
DA:54,1
DA:55,1
DA:56,1
DA:57,1
DA:58,1
DA:59,1
DA:60,1
DA:61,1
DA:62,1
DA:63,1
DA:64,1
DA:65,1
DA:66,1
DA:67,1
DA:68,1
DA:69,1
DA:70,1
DA:71,1
DA:72,1
DA:73,1
DA:74,1
DA:75,1
DA:76,1
DA:77,1
DA:78,1
DA:79,1
DA:80,1
DA:81,0
DA:82,0
DA:83,0
DA:84,0
DA:85,0
DA:86,0
DA:87,0
DA:88,0
DA:89,0
DA:90,1
DA:91,1
DA:92,1
DA:94,1
DA:95,1
DA:96,1
DA:97,1
DA:99,1
LF:65
LH:56
BRF:0
BRH:0
end_of_record
TN:
SF:src\database\models\Message.ts
FN:78,transform
FNF:1
FNH:1
FNDA:4,transform
DA:1,1
DA:15,1
DA:16,1
DA:17,1
DA:18,1
DA:19,1
DA:20,1
DA:21,1
DA:22,1
DA:23,1
DA:36,1
DA:37,1
DA:38,1
DA:39,1
DA:40,1
DA:41,1
DA:42,1
DA:43,1
DA:44,1
DA:45,1
DA:46,1
DA:47,1
DA:48,1
DA:49,1
DA:50,1
DA:51,1
DA:52,1
DA:53,1
DA:54,1
DA:55,1
DA:56,1
DA:57,1
DA:58,1
DA:59,1
DA:60,1
DA:61,1
DA:62,1
DA:63,1
DA:64,1
DA:65,1
DA:66,1
DA:67,1
DA:68,1
DA:69,1
DA:70,1
DA:71,1
DA:72,1
DA:73,1
DA:74,1
DA:75,1
DA:76,1
DA:77,1
DA:78,1
DA:79,4
DA:80,4
DA:81,4
DA:82,4
DA:83,4
DA:84,4
DA:85,4
DA:86,4
DA:87,4
DA:88,4
DA:89,4
DA:90,4
DA:91,4
DA:92,4
DA:93,4
DA:94,1
DA:95,1
DA:96,1
DA:98,1
DA:99,1
DA:101,1
LF:74
LH:74
BRDA:78,0,0,4
BRDA:88,1,0,4
BRF:2
BRH:2
end_of_record
TN:
SF:src\database\models\Notification.ts
FN:81,transform
FNF:1
FNH:1
FNDA:4,transform
DA:1,1
DA:29,1
DA:30,1
DA:31,1
DA:32,1
DA:33,1
DA:34,1
DA:35,1
DA:36,1
DA:37,1
DA:38,1
DA:39,1
DA:40,1
DA:41,1
DA:42,1
DA:43,1
DA:44,1
DA:45,1
DA:46,1
DA:47,1
DA:48,1
DA:49,1
DA:50,1
DA:51,1
DA:52,1
DA:53,1
DA:54,1
DA:55,1
DA:56,1
DA:57,1
DA:58,1
DA:59,1
DA:60,1
DA:61,1
DA:62,1
DA:63,1
DA:64,1
DA:65,1
DA:66,1
DA:67,1
DA:68,1
DA:69,1
DA:70,1
DA:71,1
DA:72,1
DA:73,1
DA:74,1
DA:75,1
DA:76,1
DA:77,1
DA:78,1
DA:79,1
DA:80,1
DA:81,1
DA:82,4
DA:83,4
DA:84,4
DA:85,4
DA:86,4
DA:87,4
DA:88,4
DA:89,4
DA:90,4
DA:91,1
DA:92,1
DA:93,1
DA:95,1
DA:96,1
DA:98,1
LF:69
LH:69
BRDA:81,0,0,4
BRF:1
BRH:1
end_of_record
TN:
SF:src\database\models\Order.ts
FN:125,validator
FN:197,transform
FNF:2
FNH:2
FNDA:24,validator
FNDA:61,transform
DA:1,1
DA:27,1
DA:28,1
DA:29,1
DA:30,1
DA:31,1
DA:32,1
DA:33,1
DA:34,1
DA:35,1
DA:36,1
DA:37,1
DA:38,1
DA:39,1
DA:40,1
DA:41,1
DA:42,1
DA:43,1
DA:44,1
DA:45,1
DA:46,1
DA:47,1
DA:48,1
DA:49,1
DA:50,1
DA:51,1
DA:52,1
DA:53,1
DA:54,1
DA:55,1
DA:56,1
DA:57,1
DA:58,1
DA:59,1
DA:60,1
DA:61,1
DA:62,1
DA:63,1
DA:64,1
DA:65,1
DA:66,1
DA:68,1
DA:69,1
DA:70,1
DA:71,1
DA:72,1
DA:73,1
DA:74,1
DA:75,1
DA:76,1
DA:77,1
DA:96,1
DA:97,1
DA:98,1
DA:99,1
DA:100,1
DA:101,1
DA:102,1
DA:103,1
DA:104,1
DA:105,1
DA:106,1
DA:107,1
DA:108,1
DA:109,1
DA:110,1
DA:111,1
DA:112,1
DA:113,1
DA:114,1
DA:115,1
DA:116,1
DA:117,1
DA:118,1
DA:119,1
DA:120,1
DA:121,1
DA:122,1
DA:123,1
DA:124,1
DA:125,1
DA:126,1
DA:127,1
DA:128,1
DA:129,1
DA:130,1
DA:131,1
DA:132,1
DA:133,1
DA:134,1
DA:135,1
DA:136,1
DA:137,1
DA:138,1
DA:139,1
DA:140,1
DA:141,1
DA:142,1
DA:143,1
DA:144,1
DA:145,1
DA:146,1
DA:147,1
DA:148,1
DA:149,1
DA:150,1
DA:151,1
DA:152,1
DA:153,1
DA:154,1
DA:155,1
DA:156,1
DA:157,1
DA:158,1
DA:159,1
DA:160,1
DA:161,1
DA:162,1
DA:163,1
DA:164,1
DA:165,1
DA:166,1
DA:167,1
DA:168,1
DA:169,1
DA:170,1
DA:171,1
DA:172,1
DA:173,1
DA:174,1
DA:175,1
DA:176,1
DA:177,1
DA:178,1
DA:179,1
DA:180,1
DA:181,1
DA:182,1
DA:183,1
DA:184,1
DA:185,1
DA:186,1
DA:187,1
DA:188,1
DA:189,1
DA:190,1
DA:191,1
DA:192,1
DA:193,1
DA:194,1
DA:195,1
DA:196,1
DA:197,1
DA:198,61
DA:199,61
DA:200,61
DA:201,61
DA:202,61
DA:203,61
DA:204,61
DA:205,61
DA:206,61
DA:207,61
DA:208,61
DA:209,61
DA:210,1
DA:211,1
DA:212,1
DA:214,1
DA:215,1
DA:216,1
DA:218,1
LF:172
LH:172
BRDA:125,0,0,24
BRDA:197,1,0,61
BRF:2
BRH:2
end_of_record
TN:
SF:src\database\models\Payment.ts
FN:130,transform
FNF:1
FNH:1
FNDA:28,transform
DA:1,1
DA:46,1
DA:47,1
DA:48,1
DA:49,1
DA:50,1
DA:51,1
DA:52,1
DA:53,1
DA:54,1
DA:55,1
DA:56,1
DA:57,1
DA:58,1
DA:59,1
DA:60,1
DA:61,1
DA:62,1
DA:63,1
DA:64,1
DA:65,1
DA:66,1
DA:67,1
DA:68,1
DA:69,1
DA:70,1
DA:71,1
DA:72,1
DA:73,1
DA:74,1
DA:75,1
DA:76,1
DA:77,1
DA:78,1
DA:79,1
DA:80,1
DA:81,1
DA:82,1
DA:83,1
DA:84,1
DA:85,1
DA:86,1
DA:87,1
DA:88,1
DA:89,1
DA:90,1
DA:91,1
DA:92,1
DA:93,1
DA:94,1
DA:95,1
DA:96,1
DA:97,1
DA:98,1
DA:99,1
DA:100,1
DA:101,1
DA:102,1
DA:103,1
DA:104,1
DA:105,1
DA:106,1
DA:107,1
DA:108,1
DA:109,1
DA:110,1
DA:111,1
DA:112,1
DA:113,1
DA:114,1
DA:115,1
DA:116,1
DA:117,1
DA:118,1
DA:119,1
DA:120,1
DA:121,1
DA:122,1
DA:123,1
DA:124,1
DA:125,1
DA:126,1
DA:127,1
DA:128,1
DA:129,1
DA:130,1
DA:131,28
DA:132,28
DA:133,28
DA:134,28
DA:135,28
DA:136,28
DA:137,28
DA:138,28
DA:139,28
DA:140,28
DA:141,28
DA:142,28
DA:143,28
DA:144,28
DA:145,28
DA:146,1
DA:147,1
DA:148,1
DA:150,1
DA:151,1
DA:152,1
DA:153,1
DA:154,1
DA:155,1
DA:157,1
LF:111
LH:111
BRDA:130,0,0,28
BRF:1
BRH:1
end_of_record
TN:
SF:src\database\models\Product.ts
FN:168,transform
FNF:1
FNH:0
FNDA:0,transform
DA:1,1
DA:27,1
DA:28,1
DA:29,1
DA:30,1
DA:31,1
DA:32,1
DA:33,1
DA:34,1
DA:35,1
DA:36,1
DA:37,1
DA:38,1
DA:39,1
DA:40,1
DA:62,1
DA:63,1
DA:64,1
DA:65,1
DA:66,1
DA:67,1
DA:68,1
DA:69,1
DA:70,1
DA:71,1
DA:72,1
DA:73,1
DA:74,1
DA:75,1
DA:76,1
DA:77,1
DA:78,1
DA:79,1
DA:80,1
DA:81,1
DA:82,1
DA:83,1
DA:84,1
DA:85,1
DA:86,1
DA:87,1
DA:88,1
DA:89,1
DA:90,1
DA:91,1
DA:92,1
DA:93,1
DA:94,1
DA:95,1
DA:96,1
DA:97,1
DA:98,1
DA:99,1
DA:100,1
DA:101,1
DA:102,1
DA:103,1
DA:104,1
DA:105,1
DA:106,1
DA:107,1
DA:108,1
DA:109,1
DA:110,1
DA:111,1
DA:112,1
DA:113,1
DA:114,1
DA:115,1
DA:116,1
DA:117,1
DA:118,1
DA:119,1
DA:120,1
DA:121,1
DA:122,1
DA:123,1
DA:124,1
DA:125,1
DA:126,1
DA:127,1
DA:128,1
DA:129,1
DA:130,1
DA:131,1
DA:132,1
DA:133,1
DA:134,1
DA:135,1
DA:136,1
DA:137,1
DA:138,1
DA:139,1
DA:140,1
DA:141,1
DA:142,1
DA:143,1
DA:144,1
DA:145,1
DA:146,1
DA:147,1
DA:148,1
DA:149,1
DA:150,1
DA:151,1
DA:152,1
DA:153,1
DA:154,1
DA:155,1
DA:156,1
DA:157,1
DA:158,1
DA:159,1
DA:160,1
DA:161,1
DA:162,1
DA:163,1
DA:164,1
DA:165,1
DA:166,1
DA:167,1
DA:168,1
DA:169,0
DA:170,0
DA:171,0
DA:172,0
DA:173,0
DA:174,0
DA:175,0
DA:176,0
DA:177,0
DA:178,1
DA:179,1
DA:180,1
DA:182,1
DA:183,1
DA:184,1
DA:185,1
DA:186,1
DA:188,1
LF:140
LH:131
BRF:0
BRH:0
end_of_record
TN:
SF:src\database\models\User.ts
FN:122,transform
FNF:1
FNH:1
FNDA:14,transform
DA:1,1
DA:37,1
DA:38,1
DA:39,1
DA:40,1
DA:41,1
DA:42,1
DA:43,1
DA:44,1
DA:45,1
DA:46,1
DA:47,1
DA:48,1
DA:49,1
DA:50,1
DA:51,1
DA:52,1
DA:53,1
DA:54,1
DA:55,1
DA:56,1
DA:57,1
DA:58,1
DA:59,1
DA:60,1
DA:61,1
DA:62,1
DA:63,1
DA:64,1
DA:65,1
DA:66,1
DA:67,1
DA:68,1
DA:69,1
DA:70,1
DA:71,1
DA:72,1
DA:73,1
DA:74,1
DA:75,1
DA:76,1
DA:77,1
DA:78,1
DA:79,1
DA:80,1
DA:81,1
DA:82,1
DA:83,1
DA:84,1
DA:85,1
DA:86,1
DA:87,1
DA:88,1
DA:89,1
DA:90,1
DA:91,1
DA:92,1
DA:93,1
DA:94,1
DA:95,1
DA:96,1
DA:97,1
DA:98,1
DA:99,1
DA:100,1
DA:101,1
DA:102,1
DA:103,1
DA:104,1
DA:105,1
DA:106,1
DA:107,1
DA:108,1
DA:109,1
DA:110,1
DA:111,1
DA:112,1
DA:113,1
DA:114,1
DA:115,1
DA:116,1
DA:117,1
DA:118,1
DA:119,1
DA:120,1
DA:121,1
DA:122,1
DA:123,14
DA:124,14
DA:125,14
DA:126,14
DA:127,14
DA:128,14
DA:129,14
DA:130,1
DA:131,1
DA:132,1
DA:134,1
DA:135,1
DA:137,1
LF:100
LH:100
BRDA:122,0,0,14
BRF:1
BRH:1
end_of_record
TN:
SF:src\database\models\index.ts
FNF:0
FNH:0
DA:1,1
DA:2,1
DA:3,1
DA:4,1
DA:5,1
DA:6,1
DA:7,1
DA:8,1
LF:8
LH:8
BRF:0
BRH:0
end_of_record
TN:
SF:src\database\repositories\BaseRepository.ts
FN:58,<instance_members_initializer>
FN:60,BaseRepository
FN:64,findById
FN:68,findOne
FN:72,find
FN:80,findPaginated
FN:119,findCursorPaginated
FN:212,create
FN:216,createMany
FN:221,updateById
FN:229,updateOne
FN:237,deleteById
FN:241,deleteMany
FN:246,count
FN:250,exists
FNF:15
FNH:10
FNDA:53,<instance_members_initializer>
FNDA:53,BaseRepository
FNDA:115,findById
FNDA:37,findOne
FNDA:13,find
FNDA:6,findPaginated
FNDA:0,findCursorPaginated
FNDA:37,create
FNDA:0,createMany
FNDA:69,updateById
FNDA:0,updateOne
FNDA:0,deleteById
FNDA:0,deleteMany
FNDA:7,count
FNDA:4,exists
DA:57,1
DA:58,1
DA:60,1
DA:61,53
DA:62,53
DA:64,1
DA:65,115
DA:66,115
DA:68,1
DA:69,37
DA:70,37
DA:72,1
DA:73,13
DA:74,13
DA:75,13
DA:76,13
DA:77,13
DA:78,13
DA:80,1
DA:81,6
DA:82,6
DA:83,6
DA:84,6
DA:85,6
DA:86,6
DA:87,6
DA:88,6
DA:90,6
DA:91,6
DA:92,6
DA:93,6
DA:95,6
DA:97,6
DA:98,6
DA:99,6
DA:100,6
DA:101,6
DA:102,6
DA:103,6
DA:104,6
DA:105,6
DA:106,6
DA:119,1
DA:120,0
DA:121,0
DA:122,0
DA:123,0
DA:124,0
DA:125,0
DA:126,0
DA:127,0
DA:130,0
DA:131,0
DA:132,0
DA:133,0
DA:134,0
DA:136,0
DA:137,0
DA:139,0
DA:141,0
DA:142,0
DA:143,0
DA:145,0
DA:146,0
DA:147,0
DA:148,0
DA:149,0
DA:150,0
DA:151,0
DA:153,0
DA:154,0
DA:155,0
DA:156,0
DA:157,0
DA:158,0
DA:159,0
DA:160,0
DA:161,0
DA:162,0
DA:165,0
DA:166,0
DA:167,0
DA:168,0
DA:169,0
DA:171,0
DA:172,0
DA:173,0
DA:174,0
DA:175,0
DA:177,0
DA:178,0
DA:181,0
DA:182,0
DA:183,0
DA:185,0
DA:186,0
DA:187,0
DA:188,0
DA:189,0
DA:190,0
DA:191,0
DA:192,0
DA:194,0
DA:195,0
DA:196,0
DA:198,0
DA:199,0
DA:200,0
DA:202,0
DA:203,0
DA:204,0
DA:205,0
DA:206,0
DA:207,0
DA:208,0
DA:209,0
DA:210,0
DA:212,1
DA:213,37
DA:214,37
DA:216,1
DA:217,0
DA:218,0
DA:219,0
DA:221,1
DA:222,69
DA:223,69
DA:224,69
DA:225,69
DA:226,69
DA:227,69
DA:229,1
DA:230,0
DA:231,0
DA:232,0
DA:233,0
DA:234,0
DA:235,0
DA:237,1
DA:238,0
DA:239,0
DA:241,1
DA:242,0
DA:243,0
DA:244,0
DA:246,1
DA:247,7
DA:248,7
DA:250,1
DA:251,4
DA:252,4
DA:253,4
DA:254,1
LF:153
LH:65
BRDA:58,0,0,53
BRDA:60,1,0,53
BRDA:64,2,0,115
BRDA:68,3,0,37
BRDA:72,4,0,13
BRDA:80,5,0,6
BRDA:85,6,0,4
BRDA:86,7,0,4
BRDA:88,8,0,3
BRDA:95,9,0,0
BRDA:212,10,0,37
BRDA:221,11,0,69
BRDA:246,12,0,7
BRDA:250,13,0,4
BRF:14
BRH:13
end_of_record
TN:
SF:src\database\repositories\ConversationRepository.ts
FN:8,ConversationRepository
FN:12,findUserConversations
FN:22,findByOrder
FN:26,findByProductAndUsers
FN:36,updateLastMessage
FN:47,updateParticipantReadTimestamp
FN:61,findDirectConversation
FNF:7
FNH:5
FNDA:7,ConversationRepository
FNDA:1,findUserConversations
FNDA:0,findByOrder
FNDA:0,findByProductAndUsers
FNDA:2,updateLastMessage
FNDA:1,updateParticipantReadTimestamp
FNDA:1,findDirectConversation
DA:1,1
DA:7,1
DA:8,1
DA:9,7
DA:10,7
DA:12,1
DA:13,1
DA:14,1
DA:15,1
DA:16,1
DA:17,1
DA:18,1
DA:19,1
DA:20,1
DA:22,1
DA:23,0
DA:24,0
DA:26,1
DA:27,0
DA:28,0
DA:29,0
DA:30,0
DA:31,0
DA:32,0
DA:33,0
DA:34,0
DA:36,1
DA:37,2
DA:38,2
DA:39,2
DA:40,2
DA:41,2
DA:42,2
DA:43,2
DA:44,2
DA:45,2
DA:47,1
DA:48,1
DA:49,1
DA:50,1
DA:51,1
DA:52,1
DA:53,1
DA:54,1
DA:55,1
DA:56,1
DA:57,1
DA:58,1
DA:59,1
DA:61,1
DA:62,1
DA:63,1
DA:64,1
DA:65,1
DA:66,1
DA:67,1
DA:69,1
LF:57
LH:47
BRDA:8,0,0,7
BRDA:12,1,0,1
BRDA:36,2,0,2
BRDA:47,3,0,1
BRDA:61,4,0,1
BRF:5
BRH:5
end_of_record
TN:
SF:src\database\repositories\InteractionRepository.ts
FN:17,InteractionRepository
FN:21,logInteraction
FN:34,findByUser
FN:41,findByAnonymousId
FN:48,countEntityInteractions
FN:60,getProductViewCounts
FNF:6
FNH:4
FNDA:7,InteractionRepository
FNDA:10,logInteraction
FNDA:0,findByUser
FNDA:0,findByAnonymousId
FNDA:1,countEntityInteractions
FNDA:10,getProductViewCounts
DA:1,1
DA:16,1
DA:17,1
DA:18,7
DA:19,7
DA:21,1
DA:30,10
DA:31,10
DA:32,10
DA:34,1
DA:35,0
DA:36,0
DA:37,0
DA:38,0
DA:39,0
DA:41,1
DA:42,0
DA:43,0
DA:44,0
DA:45,0
DA:46,0
DA:48,1
DA:49,1
DA:50,1
DA:51,1
DA:52,1
DA:53,1
DA:54,1
DA:55,1
DA:56,1
DA:57,1
DA:58,1
DA:60,1
DA:61,10
DA:62,10
DA:63,10
DA:64,10
DA:65,10
DA:66,10
DA:67,10
DA:68,10
DA:69,10
DA:70,10
DA:71,10
DA:72,10
DA:73,10
DA:74,10
DA:75,10
DA:76,10
DA:77,1
DA:79,1
LF:51
LH:41
BRDA:17,0,0,7
BRDA:21,1,0,10
BRDA:48,2,0,1
BRDA:60,3,0,10
BRF:4
BRH:4
end_of_record
TN:
SF:src\database\repositories\MessageRepository.ts
FN:6,MessageRepository
FN:10,findByConversation
FN:20,findRecentMessages
FN:31,markAsRead
FN:42,markAllInConversationAsRead
FN:56,countUnreadInConversation
FNF:6
FNH:3
FNDA:7,MessageRepository
FNDA:0,findByConversation
FNDA:0,findRecentMessages
FNDA:0,markAsRead
FNDA:2,markAllInConversationAsRead
FNDA:3,countUnreadInConversation
DA:1,1
DA:5,1
DA:6,1
DA:7,7
DA:8,7
DA:10,1
DA:11,0
DA:12,0
DA:13,0
DA:14,0
DA:15,0
DA:16,0
DA:17,0
DA:18,0
DA:20,1
DA:21,0
DA:22,0
DA:23,0
DA:24,0
DA:25,0
DA:26,0
DA:27,0
DA:28,0
DA:29,0
DA:31,1
DA:32,0
DA:33,0
DA:34,0
DA:35,0
DA:36,0
DA:37,0
DA:39,0
DA:40,0
DA:42,1
DA:43,2
DA:44,2
DA:45,2
DA:46,2
DA:47,2
DA:48,2
DA:49,2
DA:50,2
DA:51,2
DA:53,2
DA:54,2
DA:56,1
DA:57,3
DA:58,3
DA:59,3
DA:60,3
DA:61,3
DA:62,3
DA:63,1
DA:65,1
LF:54
LH:29
BRDA:6,0,0,7
BRDA:42,1,0,2
BRDA:56,2,0,3
BRF:3
BRH:3
end_of_record
TN:
SF:src\database\repositories\NotificationRepository.ts
FN:8,NotificationRepository
FN:12,findByUser
FN:24,countUnread
FN:28,markAsRead
FN:38,markAllAsRead
FNF:5
FNH:5
FNDA:6,NotificationRepository
FNDA:2,findByUser
FNDA:3,countUnread
FNDA:3,markAsRead
FNDA:1,markAllAsRead
DA:1,1
DA:7,1
DA:8,1
DA:9,6
DA:10,6
DA:12,1
DA:13,2
DA:14,2
DA:15,2
DA:16,2
DA:17,2
DA:18,2
DA:19,1
DA:20,1
DA:21,2
DA:22,2
DA:24,1
DA:25,3
DA:26,3
DA:28,1
DA:29,3
DA:30,3
DA:31,3
DA:32,3
DA:33,3
DA:34,3
DA:35,3
DA:36,3
DA:38,1
DA:39,1
DA:40,1
DA:41,1
DA:42,1
DA:43,1
DA:44,1
DA:46,1
DA:47,1
DA:48,1
DA:50,1
LF:39
LH:39
BRDA:8,0,0,6
BRDA:12,1,0,2
BRDA:18,2,0,1
BRDA:24,3,0,3
BRDA:28,4,0,3
BRDA:38,5,0,1
BRF:6
BRH:6
end_of_record
TN:
SF:src\database\repositories\OrderRepository.ts
FN:17,OrderRepository
FN:21,findByOrderNumber
FN:25,findByBuyer
FN:37,findBySeller
FN:49,updateStatus
FN:61,filterOrders
FNF:6
FNH:3
FNDA:6,OrderRepository
FNDA:0,findByOrderNumber
FNDA:1,findByBuyer
FNDA:0,findBySeller
FNDA:1,updateStatus
FNDA:0,filterOrders
DA:1,1
DA:16,1
DA:17,1
DA:18,6
DA:19,6
DA:21,1
DA:22,0
DA:23,0
DA:25,1
DA:26,1
DA:27,1
DA:28,1
DA:29,1
DA:30,1
DA:31,1
DA:32,0
DA:33,0
DA:34,1
DA:35,1
DA:37,1
DA:38,0
DA:39,0
DA:40,0
DA:41,0
DA:42,0
DA:43,0
DA:44,0
DA:45,0
DA:46,0
DA:47,0
DA:49,1
DA:50,1
DA:51,1
DA:52,1
DA:53,1
DA:54,1
DA:55,1
DA:56,1
DA:57,1
DA:58,1
DA:59,1
DA:61,1
DA:62,0
DA:63,0
DA:64,0
DA:65,0
DA:67,0
DA:68,0
DA:69,0
DA:70,0
DA:71,0
DA:72,0
DA:73,0
DA:74,0
DA:75,0
DA:76,0
DA:77,0
DA:78,0
DA:79,0
DA:80,0
DA:81,0
DA:82,0
DA:83,0
DA:84,0
DA:85,0
DA:87,0
DA:88,0
DA:89,1
DA:91,1
LF:69
LH:30
BRDA:17,0,0,6
BRDA:25,1,0,1
BRDA:31,2,0,0
BRDA:49,3,0,1
BRF:4
BRH:3
end_of_record
TN:
SF:src\database\repositories\PaymentRepository.ts
FN:9,PaymentRepository
FN:13,findByPaymentNumber
FN:17,findByProviderPaymentId
FN:21,findByIdempotencyKey
FN:25,findByOrderId
FN:29,findByOrder
FN:33,findByPayer
FN:40,findByPayee
FN:47,updateStatus
FN:65,findPendingPayments
FNF:10
FNH:5
FNDA:6,PaymentRepository
FNDA:1,findByPaymentNumber
FNDA:7,findByProviderPaymentId
FNDA:19,findByIdempotencyKey
FNDA:0,findByOrderId
FNDA:0,findByOrder
FNDA:0,findByPayer
FNDA:0,findByPayee
FNDA:1,updateStatus
FNDA:0,findPendingPayments
DA:1,1
DA:8,1
DA:9,1
DA:10,6
DA:11,6
DA:13,1
DA:14,1
DA:15,1
DA:17,1
DA:18,7
DA:19,7
DA:21,1
DA:22,19
DA:23,19
DA:25,1
DA:26,0
DA:27,0
DA:29,1
DA:30,0
DA:31,0
DA:33,1
DA:34,0
DA:35,0
DA:36,0
DA:37,0
DA:38,0
DA:40,1
DA:41,0
DA:42,0
DA:43,0
DA:44,0
DA:45,0
DA:47,1
DA:48,1
DA:49,1
DA:50,1
DA:57,1
DA:58,1
DA:59,1
DA:60,1
DA:61,1
DA:62,1
DA:63,1
DA:65,1
DA:66,0
DA:67,0
DA:68,0
DA:69,1
DA:71,1
LF:49
LH:32
BRDA:9,0,0,6
BRDA:13,1,0,1
BRDA:17,2,0,7
BRDA:21,3,0,19
BRDA:47,4,0,1
BRF:5
BRH:5
end_of_record
TN:
SF:src\database\repositories\ProductRepository.ts
FN:23,ProductRepository
FN:27,findByPartNumber
FN:31,findByOemPartNumber
FN:35,findBySeller
FN:47,buildCatalogQuery
FN:79,searchCatalog
FN:86,searchCatalogCursor
FN:93,updateInventory
FN:103,updateStatus
FNF:9
FNH:5
FNDA:7,ProductRepository
FNDA:1,findByPartNumber
FNDA:0,findByOemPartNumber
FNDA:0,findBySeller
FNDA:1,buildCatalogQuery
FNDA:1,searchCatalog
FNDA:0,searchCatalogCursor
FNDA:2,updateInventory
FNDA:0,updateStatus
DA:1,1
DA:22,1
DA:23,1
DA:24,7
DA:25,7
DA:27,1
DA:28,1
DA:29,1
DA:31,1
DA:32,0
DA:33,0
DA:35,1
DA:36,0
DA:37,0
DA:38,0
DA:39,0
DA:40,0
DA:41,0
DA:42,0
DA:43,0
DA:44,0
DA:45,0
DA:47,1
DA:48,1
DA:50,1
DA:52,1
DA:53,1
DA:54,1
DA:55,1
DA:57,1
DA:58,1
DA:59,1
DA:60,1
DA:61,1
DA:62,1
DA:64,1
DA:65,0
DA:66,0
DA:68,1
DA:69,0
DA:70,0
DA:72,1
DA:73,0
DA:74,0
DA:76,1
DA:77,1
DA:79,1
DA:80,1
DA:81,1
DA:82,1
DA:83,1
DA:84,1
DA:86,1
DA:87,0
DA:88,0
DA:89,0
DA:90,0
DA:91,0
DA:93,1
DA:94,2
DA:95,2
DA:96,2
DA:97,2
DA:98,2
DA:99,2
DA:100,2
DA:101,2
DA:103,1
DA:104,0
DA:105,0
DA:106,1
DA:108,1
LF:72
LH:47
BRDA:23,0,0,7
BRDA:27,1,0,1
BRDA:47,2,0,1
BRDA:50,3,0,0
BRDA:53,4,0,0
BRDA:54,5,0,0
BRDA:55,6,0,0
BRDA:57,7,0,0
BRDA:64,8,0,0
BRDA:64,9,0,0
BRDA:68,10,0,0
BRDA:68,11,0,0
BRDA:72,12,0,0
BRDA:79,13,0,1
BRDA:93,14,0,2
BRF:15
BRH:5
end_of_record
TN:
SF:src\database\repositories\UserRepository.ts
FN:18,escapeRegex
FN:23,UserRepository
FN:27,findByEmail
FN:31,emailExists
FN:35,findByRoleAndStatus
FN:43,findByOrganization
FN:50,updateLastLogin
FN:54,updateStatus
FN:58,searchUsers
FNF:9
FNH:6
FNDA:1,escapeRegex
FNDA:7,UserRepository
FNDA:9,findByEmail
FNDA:4,emailExists
FNDA:0,findByRoleAndStatus
FNDA:0,findByOrganization
FNDA:5,updateLastLogin
FNDA:0,updateStatus
FNDA:1,searchUsers
DA:1,1
DA:18,1
DA:19,1
DA:20,1
DA:22,1
DA:23,1
DA:24,7
DA:25,7
DA:27,1
DA:28,9
DA:29,9
DA:31,1
DA:32,4
DA:33,4
DA:35,1
DA:36,0
DA:37,0
DA:38,0
DA:39,0
DA:40,0
DA:41,0
DA:43,1
DA:44,0
DA:45,0
DA:46,0
DA:47,0
DA:48,0
DA:50,1
DA:51,5
DA:52,5
DA:54,1
DA:55,0
DA:56,0
DA:58,1
DA:59,1
DA:60,1
DA:61,1
DA:62,1
DA:64,1
DA:65,1
DA:66,1
DA:67,1
DA:68,0
DA:69,0
DA:70,1
DA:71,0
DA:72,0
DA:73,1
DA:75,1
DA:76,1
DA:77,1
DA:78,1
DA:79,1
DA:80,1
DA:81,1
DA:82,1
DA:84,1
DA:85,1
DA:86,1
DA:88,1
LF:60
LH:43
BRDA:18,0,0,1
BRDA:23,1,0,7
BRDA:27,2,0,9
BRDA:31,3,0,4
BRDA:50,4,0,5
BRDA:58,5,0,1
BRDA:67,6,0,0
BRDA:70,7,0,0
BRF:8
BRH:6
end_of_record
TN:
SF:src\database\repositories\index.ts
FNF:0
FNH:0
DA:1,1
DA:2,1
DA:3,1
DA:4,1
DA:5,1
DA:6,1
DA:7,1
DA:8,1
DA:9,1
LF:9
LH:9
BRF:0
BRH:0
end_of_record
TN:
SF:src\jobs\queues.ts
FN:71,getEmailQueue
FN:82,getNotificationsQueue
FN:96,getPaymentQueue
FN:112,getMaintenanceQueue
FN:133,closeAllQueues
FN:152,jobIdFromData
FN:157,newJobId
FN:165,enqueueEmail
FN:184,enqueueNotification
FN:203,enqueuePayment
FN:223,enqueueMaintenance
FNF:11
FNH:3
FNDA:0,getEmailQueue
FNDA:0,getNotificationsQueue
FNDA:0,getPaymentQueue
FNDA:0,getMaintenanceQueue
FNDA:0,closeAllQueues
FNDA:0,jobIdFromData
FNDA:216,newJobId
FNDA:73,enqueueEmail
FNDA:143,enqueueNotification
FNDA:0,enqueuePayment
FNDA:0,enqueueMaintenance
DA:1,1
DA:19,1
DA:45,1
DA:46,1
DA:47,1
DA:48,1
DA:49,1
DA:50,1
DA:51,1
DA:53,1
DA:55,1
DA:56,1
DA:57,1
DA:59,1
DA:60,1
DA:61,1
DA:62,1
DA:66,1
DA:67,1
DA:68,1
DA:69,1
DA:71,1
DA:72,0
DA:73,0
DA:74,0
DA:75,0
DA:76,0
DA:77,0
DA:78,0
DA:79,0
DA:80,0
DA:82,1
DA:83,0
DA:84,0
DA:85,0
DA:86,0
DA:87,0
DA:88,0
DA:89,0
DA:90,0
DA:91,0
DA:92,0
DA:93,0
DA:94,0
DA:96,1
DA:97,0
DA:98,0
DA:99,0
DA:100,0
DA:101,0
DA:103,0
DA:104,0
DA:105,0
DA:106,0
DA:107,0
DA:108,0
DA:109,0
DA:110,0
DA:112,1
DA:113,0
DA:114,0
DA:115,0
DA:116,0
DA:117,0
DA:118,0
DA:119,0
DA:122,0
DA:123,0
DA:124,0
DA:125,0
DA:126,0
DA:127,0
DA:128,0
DA:129,0
DA:133,0
DA:134,0
DA:136,0
DA:137,0
DA:138,0
DA:139,0
DA:140,0
DA:142,0
DA:143,0
DA:152,0
DA:153,0
DA:154,0
DA:157,1
DA:158,216
DA:159,216
DA:165,73
DA:166,73
DA:167,73
DA:168,73
DA:169,73
DA:170,0
DA:171,0
DA:172,0
DA:173,73
DA:174,73
DA:175,0
DA:176,0
DA:177,0
DA:178,0
DA:179,0
DA:184,143
DA:185,143
DA:186,143
DA:187,143
DA:188,143
DA:189,0
DA:190,0
DA:191,0
DA:192,143
DA:193,143
DA:194,0
DA:195,0
DA:196,0
DA:197,0
DA:198,0
DA:203,0
DA:204,0
DA:205,0
DA:206,0
DA:207,0
DA:208,0
DA:209,0
DA:210,0
DA:211,0
DA:212,0
DA:213,0
DA:214,0
DA:215,0
DA:216,0
DA:217,0
DA:218,0
DA:223,0
DA:224,0
DA:225,0
DA:226,0
DA:227,0
DA:228,0
DA:229,0
DA:230,0
DA:231,0
DA:232,0
DA:233,0
LF:146
LH:42
BRDA:157,0,0,216
BRDA:165,1,0,73
BRDA:169,2,0,0
BRDA:173,3,0,0
BRDA:173,4,0,0
BRDA:174,5,0,0
BRDA:184,6,0,143
BRDA:188,7,0,0
BRDA:192,8,0,0
BRDA:192,9,0,0
BRDA:193,10,0,0
BRF:11
BRH:3
end_of_record
TN:
SF:src\jobs\redis.ts
FN:17,parseRedisUrl
FNF:1
FNH:0
FNDA:0,parseRedisUrl
DA:1,1
DA:17,0
DA:18,0
DA:19,0
DA:20,0
DA:21,0
DA:22,0
DA:23,0
DA:24,0
DA:25,0
DA:26,0
DA:27,0
DA:28,0
DA:29,0
DA:30,0
DA:31,0
DA:33,0
DA:34,0
DA:35,0
DA:36,0
DA:37,0
DA:38,0
DA:39,0
DA:40,0
DA:41,0
DA:54,1
DA:55,0
DA:56,0
DA:58,1
DA:59,0
DA:60,1
DA:62,1
DA:63,1
DA:64,1
DA:65,1
DA:66,1
DA:67,1
DA:69,1
DA:70,0
DA:71,0
DA:72,0
DA:73,0
DA:74,0
DA:75,0
DA:76,0
DA:77,0
LF:46
LH:11
BRDA:54,0,0,0
BRDA:54,1,0,0
BRDA:58,2,0,0
BRDA:69,3,0,0
BRF:4
BRH:0
end_of_record
TN:
SF:src\jobs\scheduler.ts
FN:1,(empty-report)
FNF:1
FNH:0
FNDA:0,(empty-report)
DA:1,0
DA:2,0
DA:3,0
DA:4,0
DA:5,0
DA:6,0
DA:7,0
DA:8,0
DA:9,0
DA:10,0
DA:11,0
DA:12,0
DA:13,0
DA:14,0
DA:15,0
DA:16,0
DA:17,0
DA:18,0
DA:19,0
DA:20,0
DA:21,0
DA:22,0
DA:23,0
DA:24,0
DA:25,0
DA:26,0
DA:27,0
DA:28,0
DA:29,0
DA:30,0
DA:31,0
DA:32,0
DA:33,0
DA:34,0
DA:35,0
DA:36,0
DA:37,0
DA:38,0
DA:39,0
DA:40,0
DA:41,0
DA:42,0
DA:43,0
DA:44,0
DA:45,0
DA:46,0
DA:47,0
DA:48,0
DA:49,0
DA:50,0
DA:51,0
DA:52,0
DA:53,0
DA:54,0
DA:55,0
DA:56,0
DA:57,0
DA:58,0
DA:59,0
DA:60,0
DA:61,0
DA:62,0
DA:63,0
DA:64,0
DA:65,0
DA:66,0
DA:67,0
DA:68,0
DA:69,0
DA:70,0
DA:71,0
DA:72,0
DA:73,0
DA:74,0
DA:75,0
DA:76,0
DA:77,0
DA:78,0
DA:79,0
DA:80,0
DA:81,0
DA:82,0
DA:83,0
DA:84,0
DA:85,0
DA:86,0
DA:87,0
DA:88,0
DA:89,0
DA:90,0
DA:91,0
DA:92,0
DA:93,0
DA:94,0
DA:95,0
DA:96,0
DA:97,0
DA:98,0
DA:99,0
DA:100,0
DA:101,0
DA:102,0
DA:103,0
DA:104,0
DA:105,0
DA:106,0
DA:107,0
DA:108,0
DA:109,0
DA:110,0
DA:111,0
DA:112,0
DA:113,0
DA:114,0
DA:115,0
DA:116,0
DA:117,0
DA:118,0
DA:119,0
DA:120,0
DA:121,0
DA:122,0
DA:123,0
DA:124,0
DA:125,0
DA:126,0
DA:127,0
DA:128,0
DA:129,0
DA:130,0
DA:131,0
DA:132,0
DA:133,0
DA:134,0
DA:135,0
DA:136,0
DA:137,0
DA:138,0
DA:139,0
DA:140,0
DA:141,0
DA:142,0
DA:143,0
LF:143
LH:0
BRDA:1,0,0,0
BRF:1
BRH:0
end_of_record
TN:
SF:src\jobs\types.ts
FNF:0
FNH:0
DA:261,1
DA:262,1
DA:263,1
DA:264,1
DA:265,1
DA:266,1
LF:6
LH:6
BRF:0
BRH:0
end_of_record
TN:
SF:src\jobs\workers\emailWorker.ts
FN:1,(empty-report)
FNF:1
FNH:0
FNDA:0,(empty-report)
DA:1,0
DA:2,0
DA:3,0
DA:4,0
DA:5,0
DA:6,0
DA:7,0
DA:8,0
DA:9,0
DA:10,0
DA:11,0
DA:12,0
DA:13,0
DA:14,0
DA:15,0
DA:16,0
DA:17,0
DA:18,0
DA:19,0
DA:20,0
DA:21,0
DA:22,0
DA:23,0
DA:24,0
DA:25,0
DA:26,0
DA:27,0
DA:28,0
DA:29,0
DA:30,0
DA:31,0
DA:32,0
DA:33,0
DA:34,0
DA:35,0
DA:36,0
DA:37,0
DA:38,0
DA:39,0
DA:40,0
DA:41,0
DA:42,0
DA:43,0
DA:44,0
DA:45,0
DA:46,0
DA:47,0
DA:48,0
DA:49,0
DA:50,0
DA:51,0
DA:52,0
DA:53,0
DA:54,0
DA:55,0
DA:56,0
DA:57,0
DA:58,0
DA:59,0
DA:60,0
DA:61,0
DA:62,0
DA:63,0
DA:64,0
DA:65,0
DA:66,0
DA:67,0
DA:68,0
DA:69,0
DA:70,0
DA:71,0
DA:72,0
DA:73,0
DA:74,0
DA:75,0
DA:76,0
DA:77,0
DA:78,0
DA:79,0
DA:80,0
DA:81,0
DA:82,0
DA:83,0
DA:84,0
DA:85,0
DA:86,0
DA:87,0
DA:88,0
DA:89,0
DA:90,0
DA:91,0
DA:92,0
DA:93,0
DA:94,0
DA:95,0
DA:96,0
DA:97,0
DA:98,0
LF:98
LH:0
BRDA:1,0,0,0
BRF:1
BRH:0
end_of_record
TN:
SF:src\jobs\workers\maintenanceWorker.ts
FN:1,(empty-report)
FNF:1
FNH:0
FNDA:0,(empty-report)
DA:1,0
DA:2,0
DA:3,0
DA:4,0
DA:5,0
DA:6,0
DA:7,0
DA:8,0
DA:9,0
DA:10,0
DA:11,0
DA:12,0
DA:13,0
DA:14,0
DA:15,0
DA:16,0
DA:17,0
DA:18,0
DA:19,0
DA:20,0
DA:21,0
DA:22,0
DA:23,0
DA:24,0
DA:25,0
DA:26,0
DA:27,0
DA:28,0
DA:29,0
DA:30,0
DA:31,0
DA:32,0
DA:33,0
DA:34,0
DA:35,0
DA:36,0
DA:37,0
DA:38,0
DA:39,0
DA:40,0
DA:41,0
DA:42,0
DA:43,0
DA:44,0
DA:45,0
DA:46,0
DA:47,0
DA:48,0
DA:49,0
DA:50,0
DA:51,0
DA:52,0
DA:53,0
DA:54,0
DA:55,0
DA:56,0
DA:57,0
DA:58,0
DA:59,0
DA:60,0
DA:61,0
DA:62,0
DA:63,0
DA:64,0
DA:65,0
DA:66,0
DA:67,0
DA:68,0
DA:69,0
DA:70,0
DA:71,0
DA:72,0
DA:73,0
DA:74,0
DA:75,0
DA:76,0
DA:77,0
DA:78,0
DA:79,0
DA:80,0
DA:81,0
DA:82,0
DA:83,0
DA:84,0
DA:85,0
DA:86,0
DA:87,0
DA:88,0
DA:89,0
DA:90,0
DA:91,0
DA:92,0
DA:93,0
DA:94,0
DA:95,0
DA:96,0
DA:97,0
DA:98,0
DA:99,0
DA:100,0
DA:101,0
DA:102,0
DA:103,0
DA:104,0
DA:105,0
DA:106,0
DA:107,0
DA:108,0
DA:109,0
DA:110,0
DA:111,0
DA:112,0
DA:113,0
DA:114,0
DA:115,0
DA:116,0
DA:117,0
DA:118,0
DA:119,0
DA:120,0
DA:121,0
DA:122,0
DA:123,0
DA:124,0
DA:125,0
DA:126,0
DA:127,0
DA:128,0
DA:129,0
DA:130,0
DA:131,0
DA:132,0
DA:133,0
DA:134,0
DA:135,0
DA:136,0
DA:137,0
DA:138,0
DA:139,0
DA:140,0
DA:141,0
DA:142,0
DA:143,0
DA:144,0
DA:145,0
DA:146,0
DA:147,0
DA:148,0
DA:149,0
DA:150,0
DA:151,0
DA:152,0
DA:153,0
DA:154,0
DA:155,0
DA:156,0
DA:157,0
DA:158,0
DA:159,0
DA:160,0
DA:161,0
DA:162,0
DA:163,0
DA:164,0
DA:165,0
DA:166,0
DA:167,0
DA:168,0
DA:169,0
DA:170,0
DA:171,0
DA:172,0
DA:173,0
DA:174,0
DA:175,0
DA:176,0
DA:177,0
DA:178,0
DA:179,0
DA:180,0
DA:181,0
DA:182,0
DA:183,0
DA:184,0
DA:185,0
DA:186,0
DA:187,0
DA:188,0
DA:189,0
DA:190,0
DA:191,0
DA:192,0
DA:193,0
DA:194,0
DA:195,0
DA:196,0
DA:197,0
DA:198,0
DA:199,0
DA:200,0
DA:201,0
DA:202,0
DA:203,0
DA:204,0
DA:205,0
DA:206,0
DA:207,0
DA:208,0
DA:209,0
DA:210,0
DA:211,0
DA:212,0
DA:213,0
DA:214,0
DA:215,0
DA:216,0
DA:217,0
DA:218,0
DA:219,0
DA:220,0
DA:221,0
DA:222,0
DA:223,0
DA:224,0
DA:225,0
DA:226,0
DA:227,0
DA:228,0
DA:229,0
DA:230,0
DA:231,0
DA:232,0
DA:233,0
DA:234,0
DA:235,0
DA:236,0
DA:237,0
DA:238,0
DA:239,0
DA:240,0
DA:241,0
DA:242,0
DA:243,0
DA:244,0
DA:245,0
DA:246,0
DA:247,0
DA:248,0
DA:249,0
DA:250,0
DA:251,0
DA:252,0
DA:253,0
DA:254,0
DA:255,0
DA:256,0
DA:257,0
DA:258,0
DA:259,0
DA:260,0
DA:261,0
DA:262,0
DA:263,0
DA:264,0
DA:265,0
DA:266,0
DA:267,0
DA:268,0
DA:269,0
DA:270,0
DA:271,0
DA:272,0
DA:273,0
DA:274,0
DA:275,0
DA:276,0
DA:277,0
DA:278,0
DA:279,0
DA:280,0
DA:281,0
DA:282,0
DA:283,0
DA:284,0
DA:285,0
DA:286,0
DA:287,0
DA:288,0
DA:289,0
DA:290,0
DA:291,0
DA:292,0
DA:293,0
DA:294,0
DA:295,0
DA:296,0
DA:297,0
DA:298,0
DA:299,0
DA:300,0
DA:301,0
DA:302,0
DA:303,0
DA:304,0
DA:305,0
DA:306,0
DA:307,0
DA:308,0
DA:309,0
DA:310,0
DA:311,0
DA:312,0
DA:313,0
DA:314,0
DA:315,0
DA:316,0
DA:317,0
DA:318,0
DA:319,0
DA:320,0
DA:321,0
DA:322,0
DA:323,0
DA:324,0
DA:325,0
DA:326,0
DA:327,0
DA:328,0
DA:329,0
DA:330,0
DA:331,0
DA:332,0
DA:333,0
DA:334,0
DA:335,0
DA:336,0
DA:337,0
DA:338,0
DA:339,0
DA:340,0
DA:341,0
DA:342,0
DA:343,0
DA:344,0
DA:345,0
DA:346,0
DA:347,0
DA:348,0
DA:349,0
DA:350,0
DA:351,0
DA:352,0
DA:353,0
DA:354,0
DA:355,0
DA:356,0
DA:357,0
DA:358,0
DA:359,0
LF:359
LH:0
BRDA:1,0,0,0
BRF:1
BRH:0
end_of_record
TN:
SF:src\jobs\workers\notificationsWorker.ts
FN:1,(empty-report)
FNF:1
FNH:0
FNDA:0,(empty-report)
DA:1,0
DA:2,0
DA:3,0
DA:4,0
DA:5,0
DA:6,0
DA:7,0
DA:8,0
DA:9,0
DA:10,0
DA:11,0
DA:12,0
DA:13,0
DA:14,0
DA:15,0
DA:16,0
DA:17,0
DA:18,0
DA:19,0
DA:20,0
DA:21,0
DA:22,0
DA:23,0
DA:24,0
DA:25,0
DA:26,0
DA:27,0
DA:28,0
DA:29,0
DA:30,0
DA:31,0
DA:32,0
DA:33,0
DA:34,0
DA:35,0
DA:36,0
DA:37,0
DA:38,0
DA:39,0
DA:40,0
DA:41,0
DA:42,0
DA:43,0
DA:44,0
DA:45,0
DA:46,0
DA:47,0
DA:48,0
DA:49,0
DA:50,0
DA:51,0
DA:52,0
DA:53,0
DA:54,0
DA:55,0
DA:56,0
DA:57,0
DA:58,0
DA:59,0
DA:60,0
DA:61,0
DA:62,0
DA:63,0
DA:64,0
DA:65,0
DA:66,0
DA:67,0
DA:68,0
DA:69,0
DA:70,0
DA:71,0
DA:72,0
DA:73,0
DA:74,0
DA:75,0
DA:76,0
DA:77,0
DA:78,0
DA:79,0
DA:80,0
DA:81,0
DA:82,0
DA:83,0
DA:84,0
DA:85,0
DA:86,0
DA:87,0
DA:88,0
DA:89,0
DA:90,0
DA:91,0
DA:92,0
DA:93,0
DA:94,0
DA:95,0
DA:96,0
DA:97,0
DA:98,0
DA:99,0
DA:100,0
DA:101,0
DA:102,0
DA:103,0
DA:104,0
DA:105,0
DA:106,0
DA:107,0
DA:108,0
DA:109,0
DA:110,0
DA:111,0
DA:112,0
DA:113,0
DA:114,0
DA:115,0
DA:116,0
DA:117,0
DA:118,0
DA:119,0
DA:120,0
DA:121,0
DA:122,0
DA:123,0
DA:124,0
DA:125,0
DA:126,0
DA:127,0
DA:128,0
DA:129,0
DA:130,0
DA:131,0
DA:132,0
DA:133,0
DA:134,0
DA:135,0
DA:136,0
DA:137,0
DA:138,0
DA:139,0
DA:140,0
DA:141,0
DA:142,0
DA:143,0
DA:144,0
DA:145,0
DA:146,0
DA:147,0
DA:148,0
DA:149,0
DA:150,0
DA:151,0
DA:152,0
DA:153,0
DA:154,0
DA:155,0
DA:156,0
DA:157,0
DA:158,0
DA:159,0
DA:160,0
DA:161,0
DA:162,0
DA:163,0
DA:164,0
DA:165,0
DA:166,0
DA:167,0
DA:168,0
DA:169,0
DA:170,0
DA:171,0
DA:172,0
DA:173,0
DA:174,0
DA:175,0
DA:176,0
DA:177,0
DA:178,0
DA:179,0
DA:180,0
DA:181,0
DA:182,0
DA:183,0
DA:184,0
DA:185,0
DA:186,0
DA:187,0
DA:188,0
DA:189,0
DA:190,0
DA:191,0
DA:192,0
DA:193,0
DA:194,0
DA:195,0
DA:196,0
DA:197,0
DA:198,0
DA:199,0
DA:200,0
DA:201,0
DA:202,0
DA:203,0
DA:204,0
DA:205,0
DA:206,0
DA:207,0
DA:208,0
DA:209,0
DA:210,0
DA:211,0
DA:212,0
DA:213,0
DA:214,0
DA:215,0
DA:216,0
DA:217,0
DA:218,0
DA:219,0
DA:220,0
DA:221,0
DA:222,0
DA:223,0
DA:224,0
DA:225,0
DA:226,0
DA:227,0
DA:228,0
DA:229,0
DA:230,0
DA:231,0
DA:232,0
DA:233,0
DA:234,0
DA:235,0
DA:236,0
DA:237,0
DA:238,0
DA:239,0
DA:240,0
DA:241,0
DA:242,0
DA:243,0
DA:244,0
DA:245,0
DA:246,0
DA:247,0
DA:248,0
DA:249,0
DA:250,0
DA:251,0
DA:252,0
DA:253,0
LF:253
LH:0
BRDA:1,0,0,0
BRF:1
BRH:0
end_of_record
TN:
SF:src\jobs\workers\paymentWorker.ts
FN:1,(empty-report)
FNF:1
FNH:0
FNDA:0,(empty-report)
DA:1,0
DA:2,0
DA:3,0
DA:4,0
DA:5,0
DA:6,0
DA:7,0
DA:8,0
DA:9,0
DA:10,0
DA:11,0
DA:12,0
DA:13,0
DA:14,0
DA:15,0
DA:16,0
DA:17,0
DA:18,0
DA:19,0
DA:20,0
DA:21,0
DA:22,0
DA:23,0
DA:24,0
DA:25,0
DA:26,0
DA:27,0
DA:28,0
DA:29,0
DA:30,0
DA:31,0
DA:32,0
DA:33,0
DA:34,0
DA:35,0
DA:36,0
DA:37,0
DA:38,0
DA:39,0
DA:40,0
DA:41,0
DA:42,0
DA:43,0
DA:44,0
DA:45,0
DA:46,0
DA:47,0
DA:48,0
DA:49,0
DA:50,0
DA:51,0
DA:52,0
DA:53,0
DA:54,0
DA:55,0
DA:56,0
DA:57,0
DA:58,0
DA:59,0
DA:60,0
DA:61,0
DA:62,0
DA:63,0
DA:64,0
DA:65,0
DA:66,0
DA:67,0
DA:68,0
DA:69,0
DA:70,0
DA:71,0
DA:72,0
DA:73,0
DA:74,0
DA:75,0
DA:76,0
DA:77,0
DA:78,0
DA:79,0
DA:80,0
DA:81,0
DA:82,0
DA:83,0
DA:84,0
DA:85,0
DA:86,0
DA:87,0
DA:88,0
DA:89,0
DA:90,0
DA:91,0
DA:92,0
DA:93,0
DA:94,0
DA:95,0
DA:96,0
DA:97,0
DA:98,0
DA:99,0
DA:100,0
DA:101,0
DA:102,0
DA:103,0
DA:104,0
DA:105,0
DA:106,0
DA:107,0
DA:108,0
DA:109,0
DA:110,0
DA:111,0
DA:112,0
DA:113,0
DA:114,0
DA:115,0
DA:116,0
DA:117,0
DA:118,0
DA:119,0
DA:120,0
DA:121,0
DA:122,0
DA:123,0
DA:124,0
DA:125,0
DA:126,0
DA:127,0
DA:128,0
DA:129,0
DA:130,0
DA:131,0
DA:132,0
DA:133,0
DA:134,0
DA:135,0
DA:136,0
DA:137,0
DA:138,0
DA:139,0
DA:140,0
DA:141,0
DA:142,0
DA:143,0
DA:144,0
DA:145,0
DA:146,0
DA:147,0
DA:148,0
DA:149,0
DA:150,0
DA:151,0
DA:152,0
DA:153,0
DA:154,0
DA:155,0
DA:156,0
DA:157,0
DA:158,0
DA:159,0
DA:160,0
DA:161,0
DA:162,0
DA:163,0
DA:164,0
DA:165,0
DA:166,0
DA:167,0
DA:168,0
DA:169,0
DA:170,0
DA:171,0
DA:172,0
DA:173,0
DA:174,0
DA:175,0
DA:176,0
DA:177,0
DA:178,0
DA:179,0
DA:180,0
DA:181,0
DA:182,0
DA:183,0
DA:184,0
DA:185,0
DA:186,0
DA:187,0
DA:188,0
DA:189,0
DA:190,0
DA:191,0
DA:192,0
DA:193,0
DA:194,0
DA:195,0
DA:196,0
DA:197,0
DA:198,0
DA:199,0
DA:200,0
DA:201,0
DA:202,0
DA:203,0
DA:204,0
DA:205,0
DA:206,0
DA:207,0
DA:208,0
DA:209,0
DA:210,0
DA:211,0
DA:212,0
DA:213,0
DA:214,0
DA:215,0
DA:216,0
DA:217,0
DA:218,0
DA:219,0
DA:220,0
DA:221,0
DA:222,0
DA:223,0
DA:224,0
DA:225,0
DA:226,0
DA:227,0
DA:228,0
DA:229,0
DA:230,0
DA:231,0
DA:232,0
DA:233,0
DA:234,0
DA:235,0
DA:236,0
DA:237,0
DA:238,0
DA:239,0
DA:240,0
DA:241,0
DA:242,0
DA:243,0
DA:244,0
DA:245,0
DA:246,0
DA:247,0
DA:248,0
DA:249,0
DA:250,0
DA:251,0
DA:252,0
DA:253,0
DA:254,0
DA:255,0
DA:256,0
DA:257,0
DA:258,0
DA:259,0
DA:260,0
DA:261,0
DA:262,0
DA:263,0
DA:264,0
DA:265,0
DA:266,0
DA:267,0
DA:268,0
DA:269,0
DA:270,0
DA:271,0
DA:272,0
DA:273,0
DA:274,0
DA:275,0
DA:276,0
DA:277,0
DA:278,0
DA:279,0
DA:280,0
DA:281,0
DA:282,0
DA:283,0
DA:284,0
DA:285,0
DA:286,0
DA:287,0
DA:288,0
DA:289,0
DA:290,0
DA:291,0
DA:292,0
DA:293,0
DA:294,0
DA:295,0
DA:296,0
DA:297,0
DA:298,0
DA:299,0
DA:300,0
DA:301,0
DA:302,0
DA:303,0
DA:304,0
LF:304
LH:0
BRDA:1,0,0,0
BRF:1
BRH:0
end_of_record
TN:
SF:src\middlewares\authenticate.ts
FN:22,authenticate
FNF:1
FNH:1
FNDA:135,authenticate
DA:1,1
DA:22,1
DA:23,135
DA:25,135
DA:26,9
DA:27,9
DA:29,126
DA:30,126
DA:31,126
DA:32,135
DA:33,3
DA:34,1
DA:35,1
DA:36,2
DA:37,2
DA:38,2
DA:39,0
DA:40,0
DA:43,123
DA:44,123
DA:45,123
DA:46,123
DA:47,0
DA:48,0
DA:49,123
DA:50,123
DA:51,123
DA:52,0
DA:53,0
DA:54,123
DA:55,123
LF:31
LH:25
BRDA:22,0,0,135
BRDA:25,1,0,9
BRDA:27,2,0,126
BRDA:32,3,0,3
BRDA:33,4,0,2
BRDA:33,5,0,1
BRDA:38,6,0,0
BRDA:40,7,0,123
BRDA:43,8,0,123
BRDA:46,9,0,0
BRDA:51,10,0,0
BRF:11
BRH:8
end_of_record
TN:
SF:src\middlewares\authorize.ts
FN:11,authorize
FNF:1
FNH:1
FNDA:35,authorize
DA:1,1
DA:11,1
DA:12,35
DA:13,53
DA:14,0
DA:15,0
DA:17,53
DA:18,3
DA:19,3
DA:21,50
DA:22,53
DA:23,35
LF:12
LH:10
BRDA:11,0,0,35
BRDA:12,1,0,53
BRDA:13,2,0,0
BRDA:17,3,0,3
BRDA:19,4,0,50
BRF:5
BRH:4
end_of_record
TN:
SF:src\middlewares\csrf.ts
FN:38,isExempt
FN:46,setCsrfCookie
FN:60,csrfProtection
FNF:3
FNH:2
FNDA:0,isExempt
FNDA:6,setCsrfCookie
FNDA:164,csrfProtection
DA:1,1
DA:23,1
DA:24,1
DA:27,1
DA:30,1
DA:31,1
DA:32,1
DA:33,1
DA:34,1
DA:35,1
DA:36,1
DA:38,0
DA:39,0
DA:40,0
DA:46,1
DA:47,6
DA:48,6
DA:49,6
DA:50,6
DA:51,6
DA:52,6
DA:53,6
DA:54,6
DA:60,1
DA:62,164
DA:63,164
DA:64,164
DA:67,0
DA:68,0
DA:69,0
DA:72,0
DA:73,0
DA:74,0
DA:76,0
DA:77,164
DA:79,164
DA:80,0
DA:81,0
DA:82,0
DA:83,0
DA:84,0
DA:85,0
DA:88,0
DA:89,0
DA:90,0
DA:91,164
DA:92,0
DA:93,0
DA:94,164
DA:95,0
DA:96,0
DA:97,0
DA:98,0
DA:99,0
DA:100,0
DA:102,0
DA:103,0
LF:57
LH:28
BRDA:46,0,0,6
BRDA:51,1,0,0
BRDA:60,2,0,164
BRDA:64,3,0,0
BRDA:79,4,0,0
BRDA:79,5,0,0
BRDA:79,6,0,0
BRDA:91,7,0,0
BRDA:94,8,0,0
BRF:9
BRH:2
end_of_record
TN:
SF:src\middlewares\errorHandler.ts
FN:14,errorHandler
FNF:1
FNH:1
FNDA:40,errorHandler
DA:1,1
DA:14,1
DA:15,40
DA:16,29
DA:17,29
DA:18,29
DA:20,11
DA:21,11
DA:22,11
DA:23,11
DA:24,11
DA:25,11
DA:26,11
DA:29,0
DA:30,0
DA:31,0
LF:16
LH:13
BRDA:14,0,0,40
BRDA:15,1,0,29
BRDA:15,2,0,29
BRDA:18,3,0,28
BRDA:18,4,0,11
BRDA:26,5,0,0
BRDA:21,6,0,17
BRF:7
BRH:6
end_of_record
TN:
SF:src\middlewares\rateLimiter.ts
FN:14,__vite_ssr_import_0__.default.windowMs
FN:22,handler
FN:38,__vite_ssr_import_0__.default.windowMs
FN:44,handler
FNF:4
FNH:2
FNDA:16,__vite_ssr_import_0__.default.windowMs
FNDA:0,handler
FNDA:164,__vite_ssr_import_0__.default.windowMs
FNDA:0,handler
DA:1,1
DA:6,1
DA:13,1
DA:14,1
DA:15,0
DA:16,0
DA:17,0
DA:18,0
DA:19,0
DA:20,0
DA:22,0
DA:23,0
DA:24,0
DA:25,0
DA:26,0
DA:27,0
DA:28,0
DA:29,0
DA:30,0
DA:31,0
DA:37,1
DA:38,1
DA:39,0
DA:40,0
DA:41,0
DA:42,0
DA:43,0
DA:44,0
DA:45,0
DA:46,0
DA:47,0
DA:48,0
DA:49,0
DA:50,0
DA:51,0
DA:52,0
DA:53,0
LF:37
LH:6
BRDA:14,0,0,0
BRDA:38,1,0,0
BRDA:14,2,0,16
BRDA:38,3,0,164
BRF:4
BRH:2
end_of_record
TN:
SF:src\middlewares\requestId.ts
FN:19,requestIdMiddleware
FNF:1
FNH:1
FNDA:164,requestIdMiddleware
DA:1,1
DA:17,1
DA:19,1
DA:20,164
DA:23,164
DA:24,164
DA:25,0
DA:26,0
DA:27,164
DA:28,164
DA:29,164
LF:11
LH:9
BRDA:19,0,0,164
BRDA:24,1,0,0
BRDA:25,2,0,0
BRDA:27,3,0,0
BRF:4
BRH:1
end_of_record
TN:
SF:src\routes\auth.ts
FN:21,cookieOptions
FNF:1
FNH:1
FNDA:7,cookieOptions
DA:1,1
DA:18,1
DA:21,7
DA:22,7
DA:23,7
DA:24,7
DA:25,7
DA:26,7
DA:27,7
DA:28,7
DA:34,1
DA:35,7
DA:36,7
DA:37,7
DA:38,7
DA:40,2
DA:41,2
DA:42,2
DA:43,2
DA:44,2
DA:45,2
DA:46,7
DA:47,5
DA:48,5
DA:49,7
DA:50,7
DA:56,1
DA:57,9
DA:58,9
DA:59,9
DA:60,9
DA:62,4
DA:63,4
DA:64,4
DA:65,4
DA:66,4
DA:67,4
DA:68,9
DA:69,5
DA:70,5
DA:71,9
DA:72,9
DA:78,1
DA:79,1
DA:80,1
DA:82,1
DA:83,1
DA:84,1
DA:85,1
DA:86,1
DA:87,1
DA:88,1
DA:89,1
DA:90,1
DA:91,1
DA:92,1
DA:93,0
DA:94,0
DA:95,1
DA:96,1
DA:102,1
DA:103,4
DA:104,4
DA:105,4
DA:106,4
DA:107,4
DA:108,0
DA:109,0
DA:110,4
DA:111,4
DA:117,1
DA:118,4
DA:119,4
DA:120,4
DA:121,4
DA:124,4
DA:125,2
DA:126,2
DA:127,2
DA:128,2
DA:130,2
DA:131,2
DA:132,2
DA:133,2
DA:134,4
DA:135,4
LF:86
LH:82
BRDA:21,0,0,7
BRDA:25,1,0,0
BRDA:34,2,0,7
BRDA:35,3,0,7
BRDA:38,4,0,2
BRDA:46,5,0,5
BRDA:56,6,0,9
BRDA:57,7,0,9
BRDA:60,8,0,4
BRDA:68,9,0,5
BRDA:78,10,0,1
BRDA:79,11,0,1
BRDA:92,12,0,0
BRDA:102,13,0,4
BRDA:103,14,0,4
BRDA:107,15,0,0
BRDA:117,16,0,4
BRDA:118,17,0,4
BRDA:121,18,0,2
BRDA:124,19,0,2
BRF:20
BRH:17
end_of_record
TN:
SF:src\routes\conversations.ts
FNF:0
FNH:0
DA:1,1
DA:13,1
DA:16,1
DA:22,1
DA:23,0
DA:24,0
DA:25,0
DA:26,0
DA:28,0
DA:29,0
DA:30,0
DA:31,0
DA:32,0
DA:33,0
DA:34,0
DA:35,0
DA:36,0
DA:37,0
DA:38,0
DA:40,0
DA:41,0
DA:42,0
DA:43,0
DA:44,0
DA:45,0
DA:51,1
DA:52,1
DA:53,1
DA:54,1
DA:55,1
DA:56,1
DA:58,1
DA:59,0
DA:60,0
DA:61,0
DA:62,0
DA:63,0
DA:64,0
DA:65,0
DA:66,0
DA:67,0
DA:69,0
DA:70,0
DA:71,0
DA:72,0
DA:74,0
DA:75,0
DA:76,0
DA:77,0
DA:78,0
DA:79,0
DA:80,0
DA:82,0
DA:83,0
DA:84,0
DA:85,0
DA:86,0
DA:87,0
DA:88,0
DA:89,0
DA:90,0
DA:91,0
DA:92,0
DA:98,1
DA:99,0
DA:100,0
DA:101,0
DA:102,0
DA:103,0
DA:106,0
DA:107,0
DA:108,0
DA:109,0
DA:111,0
DA:112,0
DA:113,0
DA:114,0
DA:116,0
DA:117,0
DA:118,0
DA:119,0
DA:120,0
DA:121,0
DA:122,0
DA:125,0
DA:127,0
DA:128,0
DA:129,0
DA:130,0
DA:131,0
DA:133,0
DA:134,0
DA:135,0
DA:136,0
DA:137,0
DA:138,0
DA:144,1
DA:145,0
DA:146,0
DA:147,0
DA:148,0
DA:151,0
DA:152,0
DA:153,0
DA:154,0
DA:156,0
DA:157,0
DA:158,0
DA:159,0
DA:161,0
DA:162,0
DA:163,0
DA:165,0
DA:166,0
DA:167,0
DA:168,0
DA:169,0
DA:170,0
DA:171,0
DA:172,0
DA:173,0
DA:174,0
DA:175,0
DA:176,0
DA:177,0
LF:125
LH:13
BRF:0
BRH:0
end_of_record
TN:
SF:src\routes\health.ts
FNF:0
FNH:0
DA:1,1
DA:16,1
DA:22,1
DA:24,2
DA:25,2
DA:26,2
DA:27,2
DA:28,2
DA:29,2
DA:30,2
DA:31,2
DA:37,1
DA:38,1
DA:39,1
DA:40,1
DA:41,1
DA:43,1
DA:45,1
DA:46,1
DA:47,1
DA:48,1
DA:49,1
DA:50,1
DA:51,1
DA:52,1
DA:53,1
DA:54,1
DA:55,1
DA:56,1
DA:57,1
DA:58,1
DA:59,0
DA:60,0
DA:61,1
DA:62,1
DA:75,1
DA:76,0
DA:77,0
DA:78,0
DA:79,0
DA:80,0
DA:81,0
DA:82,0
DA:83,0
DA:85,0
DA:86,0
DA:87,0
DA:88,0
DA:89,0
DA:90,0
DA:91,0
DA:93,0
DA:94,0
DA:95,0
DA:96,0
DA:98,0
DA:100,0
DA:101,0
DA:102,0
DA:103,0
DA:104,0
DA:105,0
DA:106,0
DA:107,0
DA:108,0
DA:109,0
DA:110,0
DA:111,0
LF:68
LH:34
BRDA:22,0,0,2
BRDA:37,1,0,1
BRDA:38,2,0,1
BRDA:41,3,0,0
BRDA:43,4,0,0
BRDA:47,5,0,0
BRDA:58,6,0,0
BRF:7
BRH:3
end_of_record
TN:
SF:src\routes\notifications.schemas.ts
FNF:0
FNH:0
DA:1,1
DA:3,1
DA:4,1
DA:5,1
DA:6,1
DA:7,1
DA:8,1
DA:9,1
DA:10,1
DA:14,1
DA:15,1
DA:16,1
LF:12
LH:12
BRDA:8,0,0,1
BRF:1
BRH:1
end_of_record
TN:
SF:src\routes\notifications.ts
FNF:0
FNH:0
DA:1,1
DA:13,1
DA:16,1
DA:22,1
DA:23,2
DA:24,2
DA:25,2
DA:26,2
DA:28,2
DA:29,2
DA:30,2
DA:31,2
DA:32,2
DA:33,2
DA:35,2
DA:37,2
DA:38,2
DA:39,2
DA:40,2
DA:41,2
DA:42,2
DA:43,2
DA:44,2
DA:45,2
DA:46,2
DA:47,2
DA:48,2
DA:49,0
DA:50,0
DA:51,2
DA:52,2
DA:58,1
DA:59,1
DA:60,1
DA:61,1
DA:62,1
DA:64,1
DA:65,1
DA:66,1
DA:67,1
DA:68,1
DA:69,1
DA:70,0
DA:71,0
DA:72,1
DA:73,1
DA:79,1
DA:80,1
DA:81,1
DA:82,1
DA:83,1
DA:85,1
DA:86,1
DA:87,1
DA:88,1
DA:89,1
DA:90,1
DA:91,1
DA:92,0
DA:93,0
DA:94,1
DA:95,1
DA:101,1
DA:102,2
DA:103,2
DA:104,2
DA:105,2
DA:107,2
DA:108,2
DA:109,1
DA:110,1
DA:112,1
DA:113,1
DA:114,1
DA:115,1
DA:116,1
DA:117,1
DA:118,1
DA:119,1
DA:120,2
DA:121,2
LF:81
LH:75
BRDA:22,0,0,2
BRDA:23,1,0,2
BRDA:44,2,0,0
BRDA:48,3,0,0
BRDA:35,4,0,3
BRDA:58,5,0,1
BRDA:59,6,0,1
BRDA:69,7,0,0
BRDA:79,8,0,1
BRDA:80,9,0,1
BRDA:91,10,0,0
BRDA:101,11,0,2
BRDA:102,12,0,2
BRDA:108,13,0,1
BRF:14
BRH:10
end_of_record
TN:
SF:src\routes\orders.schemas.ts
FNF:0
FNH:0
DA:1,1
DA:6,1
DA:7,1
DA:8,1
DA:9,1
DA:10,1
DA:11,1
DA:12,1
DA:14,1
DA:15,1
DA:16,1
DA:17,1
DA:21,1
DA:22,1
DA:23,1
DA:24,1
DA:25,1
DA:31,1
DA:32,1
DA:33,1
DA:34,1
DA:40,1
DA:41,1
DA:42,1
DA:43,1
DA:44,1
DA:45,1
DA:46,1
DA:52,1
DA:53,1
DA:54,1
DA:55,1
DA:56,1
DA:57,1
LF:34
LH:34
BRF:0
BRH:0
end_of_record
TN:
SF:src\routes\orders.ts
FNF:0
FNH:0
DA:1,1
DA:22,1
DA:25,1
DA:32,1
DA:33,1
DA:34,1
DA:35,1
DA:36,21
DA:37,21
DA:38,21
DA:40,21
DA:46,21
DA:47,21
DA:48,21
DA:49,21
DA:50,21
DA:51,21
DA:52,21
DA:53,0
DA:54,0
DA:56,21
DA:57,21
DA:58,21
DA:59,21
DA:60,21
DA:61,21
DA:63,21
DA:64,21
DA:65,0
DA:66,0
DA:67,21
DA:68,21
DA:69,1
DA:78,1
DA:79,0
DA:80,0
DA:81,0
DA:83,0
DA:84,0
DA:85,0
DA:86,0
DA:88,0
DA:89,0
DA:90,0
DA:91,0
DA:92,0
DA:93,0
DA:95,0
DA:96,0
DA:97,0
DA:98,0
DA:99,0
DA:100,0
DA:101,0
DA:102,0
DA:103,0
DA:104,0
DA:105,0
DA:106,0
DA:107,0
DA:108,0
DA:109,0
DA:110,0
DA:111,0
DA:112,0
DA:119,1
DA:120,0
DA:121,0
DA:122,0
DA:124,0
DA:125,0
DA:126,0
DA:127,0
DA:128,0
DA:130,0
DA:131,0
DA:133,0
DA:134,0
DA:135,0
DA:136,0
DA:137,0
DA:138,0
DA:139,0
DA:140,0
DA:141,0
DA:142,0
DA:143,0
DA:163,1
DA:164,41
DA:165,41
DA:166,41
DA:167,41
DA:169,41
DA:172,41
DA:173,0
DA:174,0
DA:176,41
DA:177,41
DA:178,41
DA:179,41
DA:180,41
DA:181,41
DA:182,41
DA:183,0
DA:184,0
DA:186,41
DA:188,40
DA:189,41
DA:190,1
DA:191,1
DA:192,41
DA:193,41
LF:112
LH:52
BRDA:35,0,0,21
BRDA:36,1,0,21
BRDA:52,2,0,0
BRDA:60,3,0,0
BRDA:64,4,0,0
BRDA:163,5,0,41
BRDA:164,6,0,41
BRDA:172,7,0,0
BRDA:172,8,0,0
BRDA:182,9,0,0
BRDA:186,10,0,40
BRDA:189,11,0,1
BRF:12
BRH:6
end_of_record
TN:
SF:src\routes\payments.schemas.ts
FNF:0
FNH:0
DA:1,1
DA:6,1
DA:7,1
DA:8,1
DA:9,1
DA:14,1
DA:15,1
DA:21,1
DA:26,1
DA:27,1
DA:33,1
DA:34,1
DA:35,1
DA:41,1
DA:42,1
DA:43,1
DA:44,1
DA:45,1
DA:46,1
LF:19
LH:19
BRF:0
BRH:0
end_of_record
TN:
SF:src\routes\payments.ts
FNF:0
FNH:0
DA:1,1
DA:36,1
DA:49,1
DA:50,1
DA:51,1
DA:52,1
DA:53,9
DA:54,9
DA:55,9
DA:57,9
DA:58,1
DA:59,1
DA:60,1
DA:61,1
DA:62,1
DA:63,1
DA:65,8
DA:68,7
DA:69,9
DA:70,1
DA:71,1
DA:72,9
DA:73,9
DA:74,1
DA:77,1
DA:89,1
DA:90,1
DA:91,1
DA:92,1
DA:93,19
DA:94,19
DA:95,19
DA:97,19
DA:98,19
DA:99,19
DA:100,19
DA:101,19
DA:102,19
DA:103,19
DA:104,19
DA:106,17
DA:107,19
DA:108,2
DA:109,2
DA:110,19
DA:111,19
DA:112,1
DA:121,1
DA:122,1
DA:123,1
DA:124,1
DA:125,6
DA:126,6
DA:127,6
DA:128,6
DA:130,6
DA:131,6
DA:132,6
DA:133,6
DA:134,6
DA:135,6
DA:137,6
DA:138,6
DA:139,0
DA:140,0
DA:141,6
DA:142,6
DA:143,1
DA:150,1
DA:151,3
DA:152,3
DA:153,3
DA:155,3
DA:156,3
DA:157,3
DA:158,3
DA:159,3
DA:161,2
DA:162,3
DA:163,1
DA:164,1
DA:165,3
DA:166,3
DA:173,1
DA:174,1
DA:175,1
DA:176,1
DA:177,4
DA:178,4
DA:179,4
DA:180,4
DA:182,4
DA:183,4
DA:184,4
DA:185,4
DA:186,4
DA:187,4
DA:189,3
DA:190,4
DA:191,1
DA:192,1
DA:193,4
DA:194,4
DA:195,1
LF:104
LH:102
BRDA:52,0,0,9
BRDA:53,1,0,9
BRDA:57,2,0,8
BRDA:57,3,0,1
BRDA:63,4,0,8
BRDA:65,5,0,7
BRDA:69,6,0,1
BRDA:92,7,0,19
BRDA:93,8,0,19
BRDA:103,9,0,0
BRDA:104,10,0,17
BRDA:107,11,0,2
BRDA:124,12,0,6
BRDA:125,13,0,6
BRDA:134,14,0,0
BRDA:138,15,0,0
BRDA:150,16,0,3
BRDA:151,17,0,3
BRDA:159,18,0,2
BRDA:162,19,0,1
BRDA:176,20,0,4
BRDA:177,21,0,4
BRDA:186,22,0,1
BRDA:186,23,0,3
BRDA:187,24,0,3
BRDA:190,25,0,1
BRF:26
BRH:23
end_of_record
TN:
SF:src\routes\products.schemas.ts
FNF:0
FNH:0
DA:1,1
DA:5,1
DA:9,1
DA:10,1
DA:11,1
DA:12,1
DA:13,1
DA:14,1
DA:17,1
DA:19,1
DA:21,1
DA:23,1
DA:25,1
DA:27,1
DA:29,1
DA:31,1
DA:33,1
DA:34,1
DA:35,1
DA:36,1
DA:38,1
DA:39,1
DA:40,1
DA:41,1
DA:43,1
DA:45,1
DA:47,1
DA:49,1
DA:51,1
DA:52,1
DA:57,1
DA:58,1
DA:59,1
DA:60,1
DA:61,1
DA:62,1
DA:63,1
DA:64,1
DA:65,1
DA:66,1
DA:67,1
DA:68,1
DA:69,1
DA:70,1
DA:71,1
DA:72,1
DA:73,1
DA:74,1
DA:75,1
DA:76,1
DA:77,1
DA:78,1
DA:79,1
DA:80,1
DA:85,1
DA:86,1
DA:87,1
DA:88,1
DA:89,1
DA:90,1
DA:91,1
DA:92,1
DA:93,1
DA:94,1
DA:95,1
DA:96,1
DA:97,1
DA:98,1
DA:99,1
DA:100,1
DA:101,1
DA:102,1
DA:103,1
DA:104,1
DA:105,1
DA:106,1
DA:107,1
DA:108,1
DA:109,1
DA:110,1
DA:115,1
DA:116,1
DA:117,1
DA:118,1
DA:119,1
LF:85
LH:85
BRF:0
BRH:0
end_of_record
TN:
SF:src\routes\products.ts
FNF:0
FNH:0
DA:1,1
DA:20,1
DA:31,1
DA:32,0
DA:33,0
DA:34,0
DA:37,0
DA:40,0
DA:41,0
DA:43,0
DA:44,0
DA:46,0
DA:47,0
DA:48,0
DA:51,0
DA:52,0
DA:53,0
DA:56,0
DA:58,0
DA:59,0
DA:60,0
DA:61,0
DA:62,0
DA:63,0
DA:64,0
DA:65,0
DA:66,0
DA:67,0
DA:68,0
DA:70,0
DA:71,0
DA:72,0
DA:73,0
DA:74,0
DA:75,0
DA:76,0
DA:78,0
DA:80,0
DA:81,0
DA:82,0
DA:83,0
DA:84,0
DA:85,0
DA:86,0
DA:88,0
DA:89,0
DA:90,0
DA:91,0
DA:92,0
DA:93,0
DA:94,0
DA:95,0
DA:96,0
DA:97,0
DA:98,0
DA:105,1
DA:106,0
DA:107,0
DA:108,0
DA:109,0
DA:111,0
DA:112,0
DA:113,0
DA:115,0
DA:116,0
DA:117,0
DA:120,0
DA:121,0
DA:122,0
DA:124,0
DA:125,0
DA:126,0
DA:127,0
DA:128,0
DA:129,0
DA:133,1
DA:140,1
DA:141,1
DA:142,1
DA:143,1
DA:144,0
DA:145,0
DA:146,0
DA:148,0
DA:149,0
DA:150,0
DA:151,0
DA:155,0
DA:156,0
DA:157,0
DA:158,0
DA:159,0
DA:160,0
DA:161,0
DA:162,0
DA:163,0
DA:164,0
DA:165,0
DA:166,0
DA:167,0
DA:168,0
DA:169,0
DA:170,0
DA:171,0
DA:172,0
DA:173,0
DA:174,0
DA:176,0
DA:178,0
DA:179,0
DA:180,0
DA:181,0
DA:182,0
DA:183,0
DA:184,1
DA:192,1
DA:193,1
DA:194,1
DA:195,1
DA:196,0
DA:197,0
DA:198,0
DA:199,0
DA:201,0
DA:202,0
DA:203,0
DA:205,0
DA:206,0
DA:207,0
DA:208,0
DA:211,0
DA:212,0
DA:213,0
DA:214,0
DA:215,0
DA:217,0
DA:218,0
DA:219,0
DA:220,0
DA:222,0
DA:223,0
DA:224,0
DA:225,0
DA:226,0
DA:227,0
DA:228,1
DA:237,1
DA:238,1
DA:239,1
DA:240,1
DA:241,0
DA:242,0
DA:243,0
DA:245,0
DA:246,0
DA:247,0
DA:248,0
DA:250,0
DA:252,0
DA:253,0
DA:254,0
DA:256,0
DA:257,0
DA:258,0
DA:259,0
DA:260,0
DA:261,0
DA:262,0
DA:263,0
DA:264,0
DA:265,0
DA:266,0
DA:267,1
LF:173
LH:20
BRF:0
BRH:0
end_of_record
TN:
SF:src\routes\profile.schemas.ts
FN:11,buildMediaUrlValidator
FN:32,__vite_ssr_import_0__.z.string.url.refine.message
FNF:2
FNH:2
FNDA:10,buildMediaUrlValidator
FNDA:1,__vite_ssr_import_0__.z.string.url.refine.message
DA:1,1
DA:11,10
DA:12,10
DA:13,10
DA:14,10
DA:17,10
DA:18,10
DA:19,10
DA:20,10
DA:21,10
DA:23,10
DA:24,0
DA:25,0
DA:26,0
DA:28,10
DA:29,10
DA:30,10
DA:31,10
DA:32,10
DA:33,10
DA:34,10
DA:35,10
DA:36,10
DA:37,10
DA:45,1
DA:46,1
DA:47,1
DA:48,1
DA:49,1
DA:50,1
DA:51,1
DA:52,1
DA:59,1
DA:60,1
DA:61,1
DA:62,1
DA:63,1
DA:64,1
DA:65,1
DA:71,1
DA:72,1
DA:73,1
DA:74,1
DA:75,1
DA:76,1
DA:77,1
DA:78,1
DA:79,1
DA:80,1
DA:81,1
LF:50
LH:47
BRDA:11,0,0,10
BRDA:23,1,0,0
BRDA:32,2,0,1
BRDA:32,3,0,1
BRDA:63,4,0,3
BRF:5
BRH:4
end_of_record
TN:
SF:src\routes\profile.ts
FNF:0
FNH:0
DA:1,1
DA:12,1
DA:15,1
DA:21,1
DA:22,2
DA:23,2
DA:24,2
DA:25,2
DA:26,2
DA:27,0
DA:28,0
DA:29,2
DA:30,2
DA:37,1
DA:38,4
DA:39,4
DA:40,4
DA:41,4
DA:43,4
DA:44,4
DA:45,1
DA:47,1
DA:48,1
DA:49,1
DA:50,1
DA:51,1
DA:52,1
DA:53,1
DA:54,1
DA:55,1
DA:56,1
DA:57,1
DA:58,1
DA:59,1
DA:60,4
DA:61,0
DA:62,0
DA:63,0
DA:65,1
DA:66,4
DA:67,0
DA:68,0
DA:70,1
DA:71,1
DA:73,1
DA:74,4
DA:75,3
DA:76,3
DA:77,4
DA:78,4
DA:84,1
DA:85,2
DA:86,2
DA:87,2
DA:88,2
DA:89,1
DA:90,1
DA:91,1
DA:92,1
DA:93,2
DA:94,2
LF:61
LH:54
BRDA:21,0,0,2
BRDA:22,1,0,2
BRDA:26,2,0,0
BRDA:37,3,0,4
BRDA:38,4,0,4
BRDA:44,5,0,1
BRDA:50,6,0,0
BRDA:60,7,0,0
BRDA:60,8,0,0
BRDA:63,9,0,1
BRDA:66,10,0,0
BRDA:68,11,0,1
BRDA:74,12,0,3
BRDA:84,13,0,2
BRDA:85,14,0,2
BRDA:88,15,0,1
BRF:16
BRH:11
end_of_record
TN:
SF:src\routes\recommendations.schemas.ts
FNF:0
FNH:0
DA:1,1
DA:4,1
DA:5,1
DA:6,1
DA:7,1
DA:12,1
DA:13,1
DA:15,1
DA:16,1
LF:9
LH:9
BRF:0
BRH:0
end_of_record
TN:
SF:src\routes\recommendations.ts
FNF:0
FNH:0
DA:1,1
DA:16,1
DA:26,1
DA:27,0
DA:28,0
DA:29,0
DA:31,0
DA:33,0
DA:34,0
DA:35,0
DA:36,0
DA:37,0
DA:39,0
DA:40,0
DA:41,0
DA:42,0
DA:43,0
DA:45,0
DA:46,0
DA:47,0
DA:48,0
DA:49,0
DA:50,0
DA:51,0
DA:52,0
DA:53,0
DA:54,0
DA:55,0
DA:62,1
DA:63,0
DA:64,0
DA:65,0
DA:66,0
DA:67,0
DA:68,0
DA:70,0
DA:71,0
DA:72,0
DA:73,0
DA:74,0
DA:76,0
DA:77,0
DA:78,0
DA:79,0
DA:80,0
DA:81,0
DA:82,0
DA:83,0
DA:84,0
DA:85,0
DA:86,0
DA:87,0
DA:88,0
DA:89,0
DA:90,0
DA:92,0
DA:93,0
DA:94,0
DA:95,0
DA:96,0
DA:97,0
LF:61
LH:4
BRF:0
BRH:0
end_of_record
TN:
SF:src\routes\upload.ts
FNF:0
FNH:0
DA:1,1
DA:9,1
DA:12,1
DA:18,1
DA:19,3
DA:20,3
DA:21,3
DA:22,3
DA:24,3
DA:25,3
DA:26,3
DA:27,3
DA:28,3
DA:29,3
DA:30,3
DA:32,1
DA:33,3
DA:34,2
DA:35,2
DA:36,3
DA:37,3
LF:21
LH:21
BRDA:18,0,0,3
BRDA:19,1,0,3
BRDA:29,2,0,1
BRDA:30,3,0,1
BRDA:33,4,0,2
BRF:5
BRH:5
end_of_record
TN:
SF:src\services\interactionService.ts
FN:29,recordViewed
FN:43,recordContacted
FN:57,recordRequested
FN:71,recordOrdered
FN:88,getInteractedProductIds
FNF:5
FNH:5
FNDA:4,recordViewed
FNDA:2,recordContacted
FNDA:1,recordRequested
FNDA:1,recordOrdered
FNDA:3,getInteractedProductIds
DA:1,1
DA:27,1
DA:29,1
DA:30,4
DA:31,4
DA:32,4
DA:33,4
DA:34,4
DA:35,4
DA:36,4
DA:37,4
DA:38,4
DA:39,4
DA:40,4
DA:43,1
DA:44,2
DA:45,2
DA:46,2
DA:47,2
DA:48,2
DA:49,2
DA:50,2
DA:51,2
DA:52,2
DA:53,2
DA:54,2
DA:57,1
DA:58,1
DA:59,1
DA:60,1
DA:61,1
DA:62,1
DA:63,1
DA:64,1
DA:65,1
DA:66,1
DA:67,1
DA:68,1
DA:71,1
DA:72,1
DA:73,1
DA:74,1
DA:75,1
DA:76,1
DA:77,1
DA:78,1
DA:79,1
DA:80,1
DA:81,1
DA:82,1
DA:88,1
DA:89,3
DA:90,3
DA:91,3
DA:92,3
DA:93,3
DA:94,3
DA:95,1
DA:97,1
LF:59
LH:59
BRDA:29,0,0,4
BRDA:43,1,0,2
BRDA:57,2,0,1
BRDA:71,3,0,1
BRDA:88,4,0,3
BRDA:93,5,0,5
BRDA:93,6,0,5
BRF:7
BRH:7
end_of_record
TN:
SF:src\services\notificationService.ts
FN:8,getRedis
FN:26,unreadCacheKey
FN:33,getUnreadCount
FN:66,invalidateUnreadCountCache
FN:80,listNotifications
FN:90,markAsRead
FN:101,markAllAsRead
FNF:7
FNH:7
FNDA:3,getRedis
FNDA:1,unreadCacheKey
FNDA:1,getUnreadCount
FNDA:2,invalidateUnreadCountCache
FNDA:2,listNotifications
FNDA:2,markAsRead
FNDA:1,markAllAsRead
DA:1,1
DA:6,1
DA:8,3
DA:9,3
DA:10,3
DA:12,0
DA:13,0
DA:14,0
DA:15,0
DA:16,0
DA:17,0
DA:18,0
DA:19,0
DA:20,0
DA:21,0
DA:22,0
DA:23,3
DA:25,1
DA:26,1
DA:27,1
DA:28,1
DA:33,1
DA:34,1
DA:35,1
DA:37,1
DA:38,0
DA:39,0
DA:40,0
DA:41,0
DA:42,0
DA:43,0
DA:44,0
DA:45,0
DA:46,0
DA:49,1
DA:51,1
DA:52,0
DA:54,0
DA:55,0
DA:56,0
DA:57,0
DA:58,0
DA:60,1
DA:61,1
DA:66,1
DA:67,2
DA:68,2
DA:69,0
DA:70,0
DA:71,0
DA:72,0
DA:73,0
DA:74,0
DA:75,2
DA:80,1
DA:81,2
DA:82,2
DA:83,2
DA:84,2
DA:85,2
DA:90,1
DA:91,2
DA:92,2
DA:93,1
DA:94,1
DA:95,2
DA:96,2
DA:101,1
DA:102,1
DA:103,1
DA:104,1
DA:105,1
DA:106,1
DA:108,1
LF:74
LH:42
BRDA:8,0,0,3
BRDA:9,1,0,0
BRDA:10,2,0,0
BRDA:26,3,0,1
BRDA:33,4,0,1
BRDA:37,5,0,0
BRDA:51,6,0,0
BRDA:66,7,0,2
BRDA:68,8,0,0
BRDA:80,9,0,2
BRDA:90,10,0,2
BRDA:92,11,0,1
BRDA:101,12,0,1
BRF:13
BRH:8
end_of_record
TN:
SF:src\services\orderService.ts
FN:45,generateOrderNumber
FN:71,createOrder
FN:190,transitionOrder
FN:304,getOrder
FN:318,listOrders
FN:341,assertParticipant
FNF:6
FNH:4
FNDA:21,generateOrderNumber
FNDA:21,createOrder
FNDA:41,transitionOrder
FNDA:0,getOrder
FNDA:0,listOrders
FNDA:41,assertParticipant
DA:1,1
DA:45,21
DA:46,21
DA:48,21
DA:49,21
DA:50,21
DA:53,1
DA:54,1
DA:55,1
DA:56,1
DA:57,1
DA:58,1
DA:62,1
DA:71,1
DA:72,21
DA:74,21
DA:75,0
DA:76,0
DA:79,21
DA:80,21
DA:82,21
DA:85,21
DA:86,21
DA:87,21
DA:88,21
DA:89,0
DA:90,0
DA:91,21
DA:92,21
DA:94,21
DA:95,0
DA:96,0
DA:98,21
DA:101,21
DA:102,21
DA:103,21
DA:104,21
DA:105,21
DA:106,21
DA:107,21
DA:108,21
DA:109,21
DA:110,21
DA:111,21
DA:112,21
DA:113,21
DA:114,21
DA:115,21
DA:117,21
DA:118,21
DA:119,21
DA:120,21
DA:122,21
DA:123,21
DA:124,21
DA:125,21
DA:126,21
DA:127,21
DA:128,21
DA:129,21
DA:130,21
DA:131,21
DA:132,21
DA:133,21
DA:134,21
DA:135,21
DA:136,21
DA:140,21
DA:141,21
DA:142,21
DA:143,21
DA:144,21
DA:145,21
DA:146,21
DA:147,21
DA:148,21
DA:149,21
DA:150,21
DA:151,21
DA:152,21
DA:153,21
DA:154,21
DA:155,21
DA:156,21
DA:157,21
DA:158,21
DA:159,21
DA:160,21
DA:161,21
DA:162,21
DA:163,21
DA:165,21
DA:166,21
DA:167,21
DA:168,21
DA:169,21
DA:170,21
DA:171,21
DA:172,21
DA:173,21
DA:174,21
DA:175,21
DA:176,21
DA:178,21
DA:179,21
DA:190,1
DA:191,41
DA:193,41
DA:194,41
DA:195,0
DA:196,0
DA:199,41
DA:202,41
DA:203,0
DA:204,0
DA:207,41
DA:210,41
DA:211,0
DA:212,0
DA:215,40
DA:217,40
DA:218,41
DA:219,20
DA:220,20
DA:222,41
DA:223,0
DA:224,0
DA:226,40
DA:227,41
DA:228,0
DA:229,0
DA:232,40
DA:233,40
DA:234,40
DA:235,0
DA:236,0
DA:237,0
DA:238,0
DA:239,0
DA:240,0
DA:241,0
DA:242,0
DA:243,0
DA:244,40
DA:245,40
DA:246,40
DA:247,40
DA:248,40
DA:249,40
DA:250,40
DA:251,40
DA:252,40
DA:253,40
DA:254,41
DA:256,41
DA:257,41
DA:258,41
DA:259,41
DA:260,41
DA:261,41
DA:262,41
DA:263,20
DA:264,20
DA:265,0
DA:266,20
DA:267,41
DA:268,41
DA:269,20
DA:270,20
DA:271,0
DA:272,20
DA:273,41
DA:274,41
DA:275,41
DA:276,41
DA:277,41
DA:278,41
DA:279,41
DA:280,41
DA:281,41
DA:282,41
DA:283,41
DA:284,20
DA:285,20
DA:286,0
DA:287,20
DA:288,41
DA:289,41
DA:290,20
DA:291,20
DA:292,0
DA:293,20
DA:294,41
DA:295,41
DA:296,41
DA:297,41
DA:298,41
DA:300,41
DA:301,41
DA:304,1
DA:305,0
DA:306,0
DA:307,0
DA:308,0
DA:309,0
DA:310,0
DA:311,0
DA:312,0
DA:313,0
DA:314,0
DA:315,0
DA:318,1
DA:319,0
DA:320,0
DA:321,0
DA:322,0
DA:323,0
DA:324,0
DA:326,0
DA:327,0
DA:328,0
DA:329,0
DA:330,0
DA:331,0
DA:332,0
DA:333,0
DA:334,0
DA:336,0
DA:337,0
DA:341,1
DA:342,41
DA:343,41
DA:344,41
DA:345,41
DA:346,41
DA:348,41
DA:349,41
DA:351,41
DA:352,0
DA:353,0
DA:354,41
DA:355,1
DA:357,1
LF:243
LH:184
BRDA:45,0,0,21
BRDA:71,1,0,21
BRDA:74,2,0,0
BRDA:88,3,0,0
BRDA:94,4,0,0
BRDA:134,5,0,0
BRDA:79,6,0,21
BRDA:82,7,0,21
BRDA:102,8,0,21
BRDA:117,9,0,21
BRDA:190,10,0,41
BRDA:194,11,0,0
BRDA:202,12,0,0
BRDA:210,13,0,0
BRDA:210,14,0,0
BRDA:212,15,0,40
BRDA:218,16,0,20
BRDA:220,17,0,40
BRDA:222,18,0,0
BRDA:224,19,0,40
BRDA:227,20,0,0
BRDA:229,21,0,40
BRDA:234,22,0,0
BRDA:243,23,0,40
BRDA:262,24,0,20
BRDA:263,25,0,20
BRDA:264,26,0,0
BRDA:268,27,0,20
BRDA:269,28,0,20
BRDA:270,29,0,0
BRDA:283,30,0,20
BRDA:284,31,0,20
BRDA:285,32,0,0
BRDA:289,33,0,20
BRDA:290,34,0,20
BRDA:291,35,0,0
BRDA:341,36,0,41
BRDA:346,37,0,0
BRDA:351,38,0,20
BRDA:351,39,0,0
BRF:40
BRH:23
end_of_record
TN:
SF:src\services\orderStateMachine.ts
FN:52,transitionKey
FN:60,assertTransition
FN:89,availableTransitions
FN:104,isTerminal
FNF:4
FNH:3
FNDA:41,transitionKey
FNDA:41,assertTransition
FNDA:0,availableTransitions
FNDA:41,isTerminal
DA:1,1
DA:31,1
DA:33,1
DA:34,1
DA:37,1
DA:44,1
DA:45,1
DA:48,1
DA:49,1
DA:50,1
DA:52,41
DA:53,41
DA:54,41
DA:60,1
DA:61,41
DA:62,41
DA:63,41
DA:64,41
DA:65,41
DA:66,41
DA:68,41
DA:69,1
DA:70,1
DA:71,1
DA:72,1
DA:73,1
DA:74,1
DA:76,41
DA:77,0
DA:78,0
DA:79,0
DA:80,0
DA:81,0
DA:82,0
DA:83,41
DA:89,1
DA:90,0
DA:91,0
DA:92,0
DA:93,0
DA:94,0
DA:95,0
DA:96,0
DA:99,1
DA:100,1
DA:101,1
DA:102,1
DA:104,1
DA:105,41
DA:106,41
LF:50
LH:37
BRDA:49,0,0,20
BRDA:52,1,0,41
BRDA:60,2,0,41
BRDA:68,3,0,1
BRDA:74,4,0,40
BRDA:76,5,0,0
BRDA:104,6,0,41
BRF:7
BRH:6
end_of_record
TN:
SF:src\services\recommendationService.ts
FN:45,popularitySignal
FN:54,recencySignal
FN:65,stockSignal
FN:73,deliverySignal
FN:91,computeScore
FN:124,getRecommendations
FNF:6
FNH:6
FNDA:32,popularitySignal
FNDA:32,recencySignal
FNDA:31,stockSignal
FNDA:33,deliverySignal
FNDA:30,computeScore
FNDA:9,getRecommendations
DA:1,1
DA:45,1
DA:46,32
DA:47,32
DA:48,32
DA:54,1
DA:55,32
DA:56,32
DA:57,32
DA:58,31
DA:59,31
DA:65,1
DA:66,31
DA:67,31
DA:73,1
DA:74,33
DA:75,33
DA:76,1
DA:77,0
DA:78,0
DA:84,1
DA:85,1
DA:86,1
DA:87,1
DA:88,1
DA:89,1
DA:91,1
DA:92,30
DA:93,30
DA:115,1
DA:124,1
DA:125,9
DA:128,9
DA:129,2
DA:130,7
DA:135,9
DA:136,9
DA:137,9
DA:139,9
DA:140,9
DA:141,9
DA:142,9
DA:143,9
DA:147,9
DA:148,9
DA:149,9
DA:150,9
DA:151,9
DA:153,9
DA:154,0
DA:155,0
DA:158,9
DA:159,9
DA:160,9
DA:161,9
DA:164,9
DA:165,9
DA:166,9
DA:167,24
DA:168,24
DA:169,9
DA:172,9
DA:173,9
DA:174,2
DA:175,2
DA:176,2
DA:177,2
DA:178,2
DA:180,1
DA:181,2
DA:183,9
DA:184,9
DA:185,9
DA:187,9
DA:188,9
DA:189,1
DA:190,8
DA:192,9
DA:193,9
DA:194,9
DA:195,9
DA:196,9
DA:197,9
DA:198,9
DA:199,1
DA:201,1
LF:86
LH:82
BRDA:45,0,0,32
BRDA:46,1,0,29
BRDA:54,2,0,32
BRDA:57,3,0,1
BRDA:57,4,0,31
BRDA:65,5,0,31
BRDA:73,6,0,33
BRDA:74,7,0,30
BRDA:74,8,0,3
BRDA:75,9,0,2
BRDA:75,10,0,1
BRDA:76,11,0,0
BRDA:91,12,0,30
BRDA:92,13,0,120
BRDA:124,14,0,9
BRDA:125,15,0,5
BRDA:128,16,0,2
BRDA:129,17,0,7
BRDA:142,18,0,1
BRDA:153,19,0,0
BRDA:173,20,0,2
BRDA:177,21,0,1
BRDA:178,22,0,1
BRDA:185,23,0,1
BRDA:185,24,0,8
BRDA:188,25,0,1
BRDA:188,26,0,1
BRDA:189,27,0,8
BRDA:136,28,0,2
BRDA:137,29,0,2
BRDA:158,30,0,29
BRDA:160,31,0,1
BRDA:165,32,0,29
BRDA:166,33,0,24
BRDA:167,34,0,5
BRDA:167,35,0,19
BRDA:168,36,0,1
BRDA:168,37,0,18
BRDA:176,38,0,3
BRDA:193,39,0,24
BRF:40
BRH:38
end_of_record
TN:
SF:src\services\s3Service.ts
FN:38,getS3Client
FN:71,generateSafeObjectKey
FN:94,createPresignedUploadUrl
FNF:3
FNH:3
FNDA:2,getS3Client
FNDA:7,generateSafeObjectKey
FNDA:6,createPresignedUploadUrl
DA:1,1
DA:9,1
DA:10,1
DA:11,1
DA:12,1
DA:13,1
DA:14,1
DA:15,1
DA:18,1
DA:19,1
DA:36,1
DA:38,1
DA:39,2
DA:40,2
DA:45,2
DA:46,2
DA:47,2
DA:49,2
DA:50,0
DA:51,0
DA:52,0
DA:53,0
DA:54,0
DA:56,2
DA:57,0
DA:58,0
DA:59,0
DA:61,2
DA:62,2
DA:63,2
DA:64,2
DA:71,1
DA:72,7
DA:73,7
DA:75,7
DA:76,3
DA:77,3
DA:78,3
DA:79,3
DA:80,3
DA:83,7
DA:84,7
DA:85,7
DA:87,7
DA:88,7
DA:94,6
DA:95,6
DA:96,6
DA:97,6
DA:99,6
DA:100,2
DA:101,2
DA:102,2
DA:103,2
DA:105,4
DA:106,4
DA:107,1
DA:108,1
DA:109,4
DA:110,1
DA:111,1
DA:112,1
DA:113,1
DA:114,4
DA:116,2
DA:117,2
DA:119,2
DA:120,2
DA:121,2
DA:122,2
DA:124,6
DA:125,6
DA:126,6
DA:127,6
DA:128,6
DA:129,6
DA:131,6
DA:132,6
DA:133,6
DA:136,2
DA:137,2
DA:138,6
DA:140,0
DA:141,6
DA:142,2
DA:143,2
DA:145,2
DA:146,2
DA:147,2
DA:148,2
DA:149,2
DA:150,2
DA:151,2
LF:93
LH:84
BRDA:38,0,0,2
BRDA:49,1,0,0
BRDA:49,2,0,0
BRDA:56,3,0,0
BRDA:71,4,0,7
BRDA:75,5,0,3
BRDA:94,6,0,6
BRDA:99,7,0,2
BRDA:103,8,0,4
BRDA:106,9,0,1
BRDA:108,10,0,3
BRDA:109,11,0,1
BRDA:114,12,0,2
BRDA:124,13,0,0
BRDA:127,14,0,2
BRDA:127,15,0,0
BRDA:133,16,0,2
BRDA:138,17,0,0
BRDA:141,18,0,2
BRF:19
BRH:13
end_of_record
TN:
SF:src\services\email\EmailService.ts
FN:42,createDefaultAdapter
FN:60,<instance_members_initializer>
FN:64,EmailService
FN:75,send
FNF:4
FNH:4
FNDA:1,createDefaultAdapter
FNDA:22,<instance_members_initializer>
FNDA:22,EmailService
FNDA:22,send
DA:1,1
DA:42,1
DA:43,1
DA:44,0
DA:45,0
DA:46,1
DA:47,1
DA:55,1
DA:59,1
DA:60,1
DA:61,22
DA:62,22
DA:64,1
DA:65,22
DA:66,22
DA:67,22
DA:68,22
DA:75,1
DA:76,22
DA:79,22
DA:80,1
DA:81,1
DA:82,1
DA:85,21
DA:86,21
DA:88,21
DA:89,22
DA:90,6
DA:91,6
DA:92,6
DA:94,22
DA:95,2
DA:96,2
DA:97,2
DA:98,2
DA:99,2
DA:100,2
DA:101,2
DA:102,2
DA:103,2
DA:105,22
DA:106,2
DA:107,2
DA:108,2
DA:109,2
DA:110,2
DA:111,2
DA:112,2
DA:113,2
DA:114,2
DA:116,22
DA:117,3
DA:118,3
DA:119,3
DA:120,3
DA:121,3
DA:122,3
DA:123,3
DA:124,3
DA:126,22
DA:127,2
DA:128,2
DA:129,2
DA:130,2
DA:131,2
DA:132,2
DA:133,2
DA:134,2
DA:135,2
DA:136,2
DA:137,2
DA:139,22
DA:140,2
DA:141,2
DA:142,2
DA:143,2
DA:144,2
DA:145,2
DA:146,2
DA:148,22
DA:149,3
DA:150,3
DA:151,3
DA:152,3
DA:153,3
DA:154,3
DA:155,3
DA:156,3
DA:157,3
DA:160,22
DA:161,0
DA:162,0
DA:163,0
DA:164,0
DA:165,0
DA:166,0
DA:167,0
DA:168,0
DA:169,0
DA:171,22
DA:172,0
DA:173,0
DA:174,0
DA:175,0
DA:176,0
DA:177,0
DA:178,0
DA:179,0
DA:180,0
DA:181,0
DA:182,0
DA:183,0
DA:184,0
DA:185,0
DA:186,0
DA:187,0
DA:188,0
DA:189,0
DA:191,22
DA:192,0
DA:193,0
DA:194,0
DA:195,0
DA:196,0
DA:197,0
DA:198,0
DA:199,0
DA:200,0
DA:201,0
DA:202,0
DA:204,22
DA:205,0
DA:206,0
DA:207,0
DA:208,0
DA:209,0
DA:210,0
DA:211,0
DA:212,0
DA:213,0
DA:215,22
DA:216,1
DA:217,1
DA:218,1
DA:219,1
DA:220,22
DA:222,20
DA:225,20
DA:226,20
DA:227,20
DA:228,22
DA:229,22
DA:230,22
DA:231,22
DA:232,22
DA:233,22
DA:236,20
DA:238,20
DA:239,22
DA:240,1
DA:243,1
LF:161
LH:112
BRDA:42,0,0,1
BRDA:43,1,0,0
BRDA:60,2,0,22
BRDA:64,3,0,22
BRDA:65,4,0,1
BRDA:75,5,0,22
BRDA:79,6,0,1
BRDA:82,7,0,21
BRDA:89,8,0,6
BRDA:94,9,0,2
BRDA:105,10,0,2
BRDA:116,11,0,3
BRDA:126,12,0,2
BRDA:139,13,0,2
BRDA:148,14,0,3
BRDA:154,15,0,0
BRDA:155,16,0,0
BRDA:160,17,0,0
BRDA:171,18,0,0
BRDA:191,19,0,0
BRDA:204,20,0,0
BRDA:215,21,0,1
BRDA:220,22,0,20
BRDA:228,23,0,0
BRDA:228,24,0,20
BRDA:233,25,0,20
BRF:26
BRH:18
end_of_record
TN:
SF:src\services\email\IEmailAdapter.ts
FN:1,(empty-report)
FNF:1
FNH:0
FNDA:0,(empty-report)
DA:1,0
DA:2,0
DA:3,0
DA:4,0
DA:5,0
DA:6,0
DA:7,0
DA:8,0
DA:9,0
DA:10,0
DA:11,0
DA:12,0
DA:13,0
DA:14,0
DA:15,0
DA:16,0
DA:17,0
DA:18,0
DA:19,0
DA:20,0
DA:21,0
DA:22,0
DA:23,0
DA:24,0
DA:25,0
DA:26,0
DA:27,0
DA:28,0
DA:29,0
DA:30,0
DA:31,0
DA:32,0
DA:33,0
DA:34,0
DA:35,0
LF:35
LH:0
BRDA:1,0,0,0
BRF:1
BRH:0
end_of_record
TN:
SF:src\services\email\LocalEmailAdapter.ts
FN:12,send
FNF:1
FNH:0
FNDA:0,send
DA:1,1
DA:11,1
DA:12,1
DA:13,0
DA:14,0
DA:15,0
DA:16,0
DA:17,0
DA:18,0
DA:19,0
DA:20,0
DA:21,0
DA:23,0
DA:24,0
DA:25,0
DA:26,0
DA:27,0
DA:28,0
DA:29,1
LF:19
LH:4
BRF:0
BRH:0
end_of_record
TN:
SF:src\services\email\MockEmailAdapter.ts
FN:12,<instance_members_initializer>
FN:14,send
FN:21,reset
FNF:3
FNH:2
FNDA:21,<instance_members_initializer>
FNDA:20,send
FNDA:0,reset
DA:10,1
DA:12,1
DA:14,1
DA:15,20
DA:16,20
DA:17,20
DA:18,20
DA:21,1
DA:22,0
DA:23,0
DA:24,1
LF:11
LH:9
BRDA:12,0,0,21
BRDA:14,1,0,20
BRF:2
BRH:2
end_of_record
TN:
SF:src\services\email\SesEmailAdapter.ts
FN:23,getSesClient
FN:43,send
FNF:2
FNH:0
FNDA:0,getSesClient
FNDA:0,send
DA:1,1
DA:21,1
DA:23,1
DA:24,0
DA:25,0
DA:26,0
DA:27,0
DA:28,0
DA:29,0
DA:30,0
DA:31,0
DA:32,0
DA:33,0
DA:34,0
DA:35,0
DA:36,0
DA:37,0
DA:38,0
DA:39,0
DA:40,0
DA:42,1
DA:43,1
DA:44,0
DA:45,0
DA:46,0
DA:47,0
DA:48,0
DA:49,0
DA:50,0
DA:51,0
DA:52,0
DA:53,0
DA:54,0
DA:55,0
DA:57,0
DA:58,0
DA:59,0
DA:61,0
DA:62,0
DA:63,0
DA:64,0
DA:65,0
DA:66,0
DA:67,0
DA:68,1
LF:45
LH:6
BRF:0
BRH:0
end_of_record
TN:
SF:src\services\email\index.ts
FN:1,(empty-report)
FNF:1
FNH:0
FNDA:0,(empty-report)
DA:1,0
DA:2,0
DA:3,0
DA:4,0
DA:5,0
DA:6,0
DA:7,0
DA:8,0
DA:9,0
LF:9
LH:0
BRDA:1,0,0,0
BRF:1
BRH:0
end_of_record
TN:
SF:src\services\email\templates\index.ts
FN:22,wrap
FN:40,h1
FN:44,p
FN:48,badge
FN:52,dl
FN:69,renderWelcome
FN:92,renderOrderRequest
FN:118,renderOrderAccepted
FN:143,renderOrderRejected
FN:171,renderPaymentConfirmation
FN:196,renderPasswordChanged
FN:217,renderNotification
FNF:12
FNH:12
FNDA:20,wrap
FNDA:20,h1
FNDA:46,p
FNDA:7,badge
FNDA:12,dl
FNDA:6,renderWelcome
FNDA:2,renderOrderRequest
FNDA:2,renderOrderAccepted
FNDA:3,renderOrderRejected
FNDA:2,renderPaymentConfirmation
FNDA:2,renderPasswordChanged
FNDA:3,renderNotification
DA:22,20
DA:23,20
DA:25,20
DA:30,20
DA:38,20
DA:40,20
DA:41,20
DA:42,20
DA:44,46
DA:45,46
DA:46,46
DA:48,7
DA:49,7
DA:50,7
DA:52,12
DA:53,12
DA:54,12
DA:55,12
DA:56,35
DA:57,35
DA:58,12
DA:59,12
DA:60,12
DA:61,12
DA:69,1
DA:70,6
DA:71,6
DA:72,6
DA:73,6
DA:74,6
DA:75,6
DA:76,6
DA:77,6
DA:78,6
DA:79,6
DA:80,6
DA:82,6
DA:83,6
DA:92,1
DA:93,2
DA:94,2
DA:95,2
DA:96,2
DA:97,2
DA:98,2
DA:99,2
DA:100,2
DA:101,2
DA:102,2
DA:103,2
DA:104,2
DA:105,2
DA:106,2
DA:107,2
DA:108,2
DA:109,2
DA:118,1
DA:119,2
DA:120,2
DA:121,2
DA:122,2
DA:123,2
DA:124,2
DA:125,2
DA:126,2
DA:127,2
DA:128,2
DA:129,2
DA:130,2
DA:131,2
DA:132,2
DA:133,2
DA:134,2
DA:135,2
DA:143,1
DA:144,3
DA:145,3
DA:146,3
DA:147,3
DA:148,3
DA:149,3
DA:150,3
DA:151,3
DA:152,3
DA:153,3
DA:154,3
DA:155,3
DA:156,3
DA:157,3
DA:158,3
DA:159,3
DA:160,3
DA:171,1
DA:172,2
DA:173,2
DA:174,2
DA:175,2
DA:176,2
DA:177,2
DA:178,2
DA:179,2
DA:180,2
DA:181,2
DA:182,2
DA:183,2
DA:184,2
DA:185,2
DA:186,2
DA:187,2
DA:188,2
DA:189,2
DA:196,1
DA:197,2
DA:198,2
DA:199,2
DA:200,2
DA:201,2
DA:202,2
DA:203,2
DA:204,2
DA:205,2
DA:207,2
DA:208,2
DA:217,1
DA:218,3
DA:219,3
DA:220,3
DA:221,3
DA:222,3
DA:223,3
DA:224,3
DA:225,3
DA:226,3
DA:227,0
DA:228,3
DA:229,3
DA:230,3
DA:231,3
DA:232,3
LF:139
LH:138
BRDA:22,0,0,20
BRDA:40,1,0,20
BRDA:44,2,0,46
BRDA:48,3,0,7
BRDA:52,4,0,12
BRDA:55,5,0,35
BRDA:69,6,0,6
BRDA:92,7,0,2
BRDA:118,8,0,2
BRDA:143,9,0,3
BRDA:171,10,0,2
BRDA:196,11,0,2
BRDA:217,12,0,3
BRDA:226,13,0,0
BRF:14
BRH:13
end_of_record
TN:
SF:src\services\payment\IPaymentProvider.ts
FN:1,(empty-report)
FNF:1
FNH:0
FNDA:0,(empty-report)
DA:1,0
DA:2,0
DA:3,0
DA:4,0
DA:5,0
DA:6,0
DA:7,0
DA:8,0
DA:9,0
DA:10,0
DA:11,0
DA:12,0
DA:13,0
DA:14,0
DA:15,0
DA:16,0
DA:17,0
DA:18,0
DA:19,0
DA:20,0
DA:21,0
DA:22,0
DA:23,0
DA:24,0
DA:25,0
DA:26,0
DA:27,0
DA:28,0
DA:29,0
DA:30,0
DA:31,0
DA:32,0
DA:33,0
DA:34,0
DA:35,0
DA:36,0
DA:37,0
DA:38,0
DA:39,0
DA:40,0
DA:41,0
DA:42,0
DA:43,0
DA:44,0
DA:45,0
DA:46,0
DA:47,0
DA:48,0
DA:49,0
DA:50,0
DA:51,0
DA:52,0
DA:53,0
DA:54,0
DA:55,0
DA:56,0
DA:57,0
DA:58,0
DA:59,0
DA:60,0
DA:61,0
DA:62,0
DA:63,0
DA:64,0
DA:65,0
DA:66,0
DA:67,0
DA:68,0
DA:69,0
DA:70,0
DA:71,0
DA:72,0
DA:73,0
DA:74,0
DA:75,0
DA:76,0
DA:77,0
DA:78,0
DA:79,0
DA:80,0
DA:81,0
DA:82,0
DA:83,0
DA:84,0
DA:85,0
DA:86,0
DA:87,0
DA:88,0
DA:89,0
DA:90,0
DA:91,0
DA:92,0
DA:93,0
DA:94,0
DA:95,0
DA:96,0
DA:97,0
DA:98,0
DA:99,0
DA:100,0
DA:101,0
DA:102,0
DA:103,0
LF:103
LH:0
BRDA:1,0,0,0
BRF:1
BRH:0
end_of_record
TN:
SF:src\services\payment\MockPaymentProvider.ts
FN:30,<static_initializer>
FN:38,reset
FN:45,createIntent
FN:65,confirmIntent
FN:86,refund
FN:106,parseWebhook
FN:177,sign
FNF:7
FNH:7
FNDA:5,<static_initializer>
FNDA:48,reset
FNDA:16,createIntent
FNDA:5,confirmIntent
FNDA:2,refund
FNDA:8,parseWebhook
FNDA:7,sign
DA:1,1
DA:28,1
DA:30,1
DA:33,5
DA:36,5
DA:38,5
DA:39,48
DA:40,48
DA:41,48
DA:45,5
DA:46,16
DA:47,16
DA:48,16
DA:49,16
DA:50,16
DA:52,16
DA:53,16
DA:54,16
DA:55,16
DA:56,16
DA:57,16
DA:58,16
DA:59,16
DA:60,16
DA:61,16
DA:62,16
DA:63,16
DA:65,5
DA:66,5
DA:68,5
DA:70,5
DA:71,1
DA:72,1
DA:73,1
DA:74,1
DA:75,1
DA:76,1
DA:77,1
DA:79,4
DA:80,4
DA:81,4
DA:82,4
DA:83,4
DA:84,5
DA:86,5
DA:87,2
DA:88,2
DA:89,2
DA:90,2
DA:91,2
DA:104,5
DA:106,1
DA:108,8
DA:109,8
DA:110,16
DA:111,16
DA:112,16
DA:113,16
DA:114,16
DA:116,8
DA:117,8
DA:119,8
DA:120,0
DA:121,0
DA:124,8
DA:125,8
DA:126,8
DA:127,1
DA:128,1
DA:131,7
DA:132,7
DA:133,7
DA:134,7
DA:136,7
DA:137,7
DA:139,8
DA:140,0
DA:141,0
DA:144,7
DA:151,7
DA:152,7
DA:153,7
DA:154,7
DA:155,7
DA:157,7
DA:158,8
DA:159,0
DA:160,0
DA:162,7
DA:163,7
DA:164,7
DA:165,7
DA:166,7
DA:167,8
DA:168,8
DA:169,8
DA:177,1
DA:178,7
DA:179,7
DA:180,7
DA:181,7
DA:182,7
DA:183,7
DA:184,7
DA:185,1
DA:187,1
LF:106
LH:100
BRDA:30,0,0,5
BRDA:38,1,0,48
BRDA:45,2,0,16
BRDA:65,3,0,5
BRDA:70,4,0,1
BRDA:77,5,0,4
BRDA:86,6,0,2
BRDA:89,7,0,1
BRDA:106,8,0,8
BRDA:109,9,0,16
BRDA:119,10,0,0
BRDA:126,11,0,1
BRDA:128,12,0,7
BRDA:139,13,0,0
BRDA:141,14,0,7
BRDA:158,15,0,0
BRDA:160,16,0,7
BRDA:167,17,0,1
BRDA:167,18,0,6
BRDA:177,19,0,7
BRF:20
BRH:17
end_of_record
TN:
SF:src\services\payment\index.ts
FN:18,buildProvider
FNF:1
FNH:1
FNDA:5,buildProvider
DA:1,1
DA:18,5
DA:19,5
DA:21,5
DA:22,5
DA:23,5
DA:24,5
DA:25,5
DA:26,5
DA:28,1
LF:10
LH:10
BRDA:18,0,0,5
BRDA:19,1,0,0
BRF:2
BRH:1
end_of_record
TN:
SF:src\services\payment\paymentService.ts
FN:75,generatePaymentNumber
FN:84,PaymentService
FN:98,createPayment
FN:173,confirmPayment
FN:231,getPayment
FN:256,refundPayment
FN:333,handleWebhook
FN:370,handleWebhookSucceeded
FN:444,handleWebhookFailed
FN:474,handleWebhookRefunded
FN:521,ensureOrderPaid
FN:574,enqueuePaymentFailedNotification
FN:588,assertOrderParticipant
FNF:13
FNH:12
FNDA:16,generatePaymentNumber
FNDA:5,PaymentService
FNDA:19,createPayment
FNDA:6,confirmPayment
FNDA:3,getPayment
FNDA:4,refundPayment
FNDA:8,handleWebhook
FNDA:5,handleWebhookSucceeded
FNDA:1,handleWebhookFailed
FNDA:0,handleWebhookRefunded
FNDA:5,ensureOrderPaid
FNDA:2,enqueuePaymentFailedNotification
FNDA:18,assertOrderParticipant
DA:1,1
DA:75,16
DA:76,16
DA:77,16
DA:78,16
DA:79,16
DA:83,1
DA:84,1
DA:98,1
DA:99,19
DA:102,19
DA:103,19
DA:104,1
DA:105,1
DA:106,1
DA:109,18
DA:110,19
DA:111,0
DA:112,0
DA:114,18
DA:116,19
DA:117,0
DA:118,0
DA:120,19
DA:121,1
DA:122,1
DA:123,1
DA:124,1
DA:125,1
DA:126,1
DA:129,16
DA:130,16
DA:131,16
DA:132,16
DA:133,19
DA:134,19
DA:135,19
DA:138,16
DA:139,16
DA:140,16
DA:141,16
DA:142,16
DA:143,16
DA:144,16
DA:145,19
DA:146,19
DA:147,19
DA:148,19
DA:149,19
DA:150,19
DA:152,16
DA:153,16
DA:154,16
DA:155,16
DA:157,16
DA:158,19
DA:173,1
DA:174,6
DA:176,6
DA:177,6
DA:178,0
DA:179,0
DA:182,6
DA:183,0
DA:184,0
DA:187,6
DA:188,1
DA:189,1
DA:190,1
DA:192,6
DA:193,0
DA:194,0
DA:197,5
DA:198,5
DA:199,5
DA:200,6
DA:201,0
DA:202,0
DA:203,5
DA:205,6
DA:206,6
DA:208,6
DA:209,6
DA:210,6
DA:211,6
DA:212,6
DA:213,6
DA:214,1
DA:215,1
DA:217,5
DA:218,6
DA:220,5
DA:222,6
DA:223,1
DA:224,1
DA:226,5
DA:227,6
DA:231,1
DA:232,3
DA:233,3
DA:235,3
DA:237,3
DA:238,3
DA:239,3
DA:240,1
DA:241,1
DA:243,2
DA:244,3
DA:256,1
DA:257,4
DA:259,4
DA:260,4
DA:262,4
DA:263,0
DA:264,0
DA:267,4
DA:268,1
DA:269,1
DA:270,1
DA:272,3
DA:274,4
DA:275,0
DA:276,0
DA:278,2
DA:279,2
DA:280,4
DA:281,4
DA:282,4
DA:283,1
DA:284,1
DA:285,2
DA:287,2
DA:288,2
DA:289,2
DA:290,2
DA:291,2
DA:292,2
DA:293,0
DA:294,4
DA:295,4
DA:296,4
DA:297,4
DA:299,2
DA:301,2
DA:302,2
DA:303,2
DA:304,2
DA:305,2
DA:306,2
DA:307,2
DA:308,2
DA:309,2
DA:310,2
DA:311,2
DA:312,2
DA:313,2
DA:315,2
DA:316,4
DA:333,1
DA:335,8
DA:336,8
DA:337,8
DA:338,8
DA:339,1
DA:340,1
DA:341,1
DA:343,7
DA:344,7
DA:346,7
DA:347,8
DA:349,1
DA:350,1
DA:351,1
DA:353,6
DA:355,6
DA:356,8
DA:357,5
DA:358,5
DA:359,8
DA:360,1
DA:361,1
DA:362,8
DA:363,0
DA:364,0
DA:365,8
DA:366,8
DA:370,1
DA:371,5
DA:372,5
DA:373,5
DA:374,5
DA:375,5
DA:378,5
DA:379,1
DA:380,1
DA:381,1
DA:382,1
DA:385,4
DA:386,4
DA:387,5
DA:388,0
DA:389,0
DA:390,0
DA:393,4
DA:394,4
DA:395,4
DA:396,4
DA:397,4
DA:398,4
DA:400,4
DA:403,4
DA:406,4
DA:407,4
DA:408,4
DA:409,4
DA:410,4
DA:411,4
DA:412,4
DA:413,4
DA:414,4
DA:415,4
DA:416,4
DA:417,4
DA:418,4
DA:419,4
DA:420,4
DA:421,4
DA:422,4
DA:423,4
DA:424,4
DA:425,4
DA:426,4
DA:427,4
DA:428,4
DA:429,4
DA:430,4
DA:431,4
DA:432,4
DA:433,4
DA:434,4
DA:435,4
DA:436,4
DA:437,4
DA:438,4
DA:439,4
DA:440,4
DA:441,4
DA:442,5
DA:444,1
DA:445,1
DA:446,1
DA:447,1
DA:448,1
DA:449,1
DA:451,1
DA:452,0
DA:453,0
DA:454,0
DA:456,1
DA:457,1
DA:458,1
DA:459,0
DA:460,0
DA:461,0
DA:463,1
DA:464,1
DA:465,1
DA:466,1
DA:467,1
DA:469,1
DA:471,1
DA:472,1
DA:474,1
DA:475,0
DA:476,0
DA:477,0
DA:478,0
DA:479,0
DA:481,0
DA:482,0
DA:483,0
DA:484,0
DA:486,0
DA:487,0
DA:488,0
DA:489,0
DA:490,0
DA:491,0
DA:493,0
DA:494,0
DA:495,0
DA:496,0
DA:497,0
DA:499,0
DA:501,0
DA:502,0
DA:503,0
DA:504,0
DA:505,0
DA:506,0
DA:507,0
DA:508,0
DA:509,0
DA:510,0
DA:511,0
DA:512,0
DA:521,1
DA:522,5
DA:523,5
DA:524,5
DA:525,5
DA:526,5
DA:527,0
DA:528,0
DA:529,0
DA:531,5
DA:532,1
DA:533,1
DA:534,1
DA:536,5
DA:537,0
DA:538,0
DA:539,0
DA:541,4
DA:542,4
DA:543,4
DA:544,4
DA:546,4
DA:548,4
DA:549,4
DA:550,4
DA:551,4
DA:552,4
DA:553,4
DA:554,4
DA:555,4
DA:556,4
DA:557,4
DA:558,4
DA:559,4
DA:560,4
DA:561,4
DA:562,4
DA:563,4
DA:564,4
DA:565,4
DA:566,4
DA:567,4
DA:568,4
DA:569,4
DA:570,4
DA:571,4
DA:572,5
DA:574,1
DA:575,2
DA:576,2
DA:577,2
DA:578,2
DA:579,2
DA:580,2
DA:581,2
DA:582,2
DA:583,2
DA:584,2
DA:585,2
DA:586,2
DA:588,1
DA:589,18
DA:590,18
DA:591,18
DA:592,18
DA:593,18
DA:595,18
DA:596,18
DA:598,18
DA:599,1
DA:600,1
DA:601,18
DA:602,1
LF:379
LH:312
BRDA:75,0,0,16
BRDA:84,1,0,5
BRDA:98,2,0,19
BRDA:103,3,0,1
BRDA:106,4,0,18
BRDA:110,5,0,0
BRDA:112,6,0,18
BRDA:116,7,0,17
BRDA:116,8,0,0
BRDA:118,9,0,17
BRDA:120,10,0,1
BRDA:126,11,0,16
BRDA:135,12,0,16
BRDA:150,13,0,16
BRDA:173,14,0,6
BRDA:177,15,0,0
BRDA:182,16,0,0
BRDA:187,17,0,1
BRDA:190,18,0,5
BRDA:192,19,0,0
BRDA:194,20,0,5
BRDA:200,21,0,0
BRDA:202,22,0,5
BRDA:205,23,0,4
BRDA:205,24,0,1
BRDA:213,25,0,1
BRDA:214,26,0,0
BRDA:215,27,0,5
BRDA:218,28,0,0
BRDA:218,29,0,5
BRDA:222,30,0,1
BRDA:224,31,0,5
BRDA:231,32,0,3
BRDA:233,33,0,0
BRDA:235,34,0,0
BRDA:239,35,0,2
BRDA:239,36,0,1
BRDA:241,37,0,2
BRDA:256,38,0,4
BRDA:260,39,0,0
BRDA:262,40,0,0
BRDA:267,41,0,1
BRDA:270,42,0,3
BRDA:274,43,0,0
BRDA:276,44,0,2
BRDA:280,45,0,0
BRDA:282,46,0,1
BRDA:284,47,0,2
BRDA:291,48,0,2
BRDA:292,49,0,0
BRDA:296,50,0,2
BRDA:297,51,0,0
BRDA:297,52,0,2
BRDA:333,53,0,8
BRDA:338,54,0,1
BRDA:339,55,0,0
BRDA:341,56,0,7
BRDA:347,57,0,1
BRDA:351,58,0,6
BRDA:356,59,0,5
BRDA:359,60,0,1
BRDA:362,61,0,0
BRDA:370,62,0,5
BRDA:378,63,0,1
BRDA:382,64,0,4
BRDA:387,65,0,0
BRDA:390,66,0,4
BRDA:444,67,0,1
BRDA:451,68,0,0
BRDA:458,69,0,0
BRDA:465,70,0,0
BRDA:521,71,0,5
BRDA:526,72,0,0
BRDA:531,73,0,1
BRDA:534,74,0,4
BRDA:536,75,0,0
BRDA:539,76,0,4
BRDA:574,77,0,2
BRDA:588,78,0,18
BRDA:593,79,0,0
BRDA:598,80,0,1
BRDA:598,81,0,1
BRF:82
BRH:57
end_of_record
TN:
SF:src\services\payment\paymentStateMachine.ts
FN:48,isPaymentTerminal
FN:57,assertPaymentTransition
FNF:2
FNH:2
FNDA:13,isPaymentTerminal
FNDA:13,assertPaymentTransition
DA:1,1
DA:23,1
DA:24,1
DA:25,1
DA:26,1
DA:27,1
DA:28,1
DA:29,1
DA:30,1
DA:31,1
DA:33,1
DA:34,1
DA:35,1
DA:42,1
DA:43,1
DA:44,1
DA:45,1
DA:46,1
DA:48,1
DA:49,13
DA:50,13
DA:57,1
DA:58,13
DA:60,13
DA:61,0
DA:62,0
DA:63,0
DA:64,0
DA:65,0
DA:66,0
DA:68,13
DA:69,13
DA:70,1
DA:71,1
DA:72,1
DA:73,1
DA:74,1
DA:75,1
DA:76,13
LF:39
LH:33
BRDA:34,0,0,35
BRDA:48,1,0,13
BRDA:57,2,0,13
BRDA:58,3,0,0
BRDA:60,4,0,0
BRDA:69,5,0,1
BRF:6
BRH:4
end_of_record
TN:
SF:src\sockets\middleware.ts
FN:17,parseCookies
FN:35,socketAuthMiddleware
FN:89,authorizeUserForConversation
FNF:3
FNH:2
FNDA:0,parseCookies
FNDA:29,socketAuthMiddleware
FNDA:18,authorizeUserForConversation
DA:1,1
DA:17,1
DA:18,0
DA:19,0
DA:21,0
DA:22,0
DA:23,0
DA:24,0
DA:25,0
DA:26,0
DA:27,0
DA:28,0
DA:29,0
DA:35,1
DA:36,29
DA:37,29
DA:42,29
DA:43,29
DA:44,0
DA:46,29
DA:47,0
DA:48,0
DA:49,0
DA:51,29
DA:52,0
DA:53,0
DA:55,29
DA:56,29
DA:57,29
DA:58,29
DA:59,29
DA:60,1
DA:61,1
DA:62,29
DA:67,1
DA:68,1
DA:69,1
DA:70,1
DA:71,1
DA:72,1
DA:73,1
DA:74,1
DA:75,1
DA:76,1
DA:77,1
DA:78,1
DA:79,1
DA:80,1
DA:81,1
DA:82,1
DA:89,18
DA:90,18
DA:91,17
DA:92,17
DA:93,18
DA:94,1
DA:95,1
DA:96,16
DA:97,18
DA:98,0
DA:99,0
DA:100,18
LF:62
LH:43
BRDA:35,0,0,29
BRDA:36,1,0,0
BRDA:43,2,0,0
BRDA:46,3,0,0
BRDA:46,4,0,0
BRDA:51,5,0,0
BRDA:59,6,0,1
BRDA:89,7,0,18
BRDA:90,8,0,17
BRDA:90,9,0,1
BRDA:90,10,0,17
BRDA:93,11,0,1
BRDA:95,12,0,16
BRDA:97,13,0,0
BRDA:96,14,0,24
BRF:15
BRH:9
end_of_record
TN:
SF:src\sockets\redis.ts
FN:17,setupRedisAdapter
FN:57,closeRedisAdapter
FNF:2
FNH:1
FNDA:9,setupRedisAdapter
FNDA:0,closeRedisAdapter
DA:1,1
DA:10,1
DA:11,1
DA:17,9
DA:18,9
DA:20,9
DA:21,9
DA:22,9
DA:23,9
DA:25,0
DA:26,0
DA:28,0
DA:29,0
DA:31,0
DA:32,0
DA:34,0
DA:36,0
DA:37,0
DA:38,0
DA:39,0
DA:42,0
DA:43,0
DA:44,0
DA:45,0
DA:46,0
DA:47,0
DA:49,0
DA:50,0
DA:51,0
DA:52,9
DA:57,0
DA:58,0
DA:59,0
DA:60,0
DA:61,0
DA:62,0
DA:63,0
DA:64,0
DA:65,0
DA:66,0
DA:67,0
DA:68,0
DA:69,0
DA:70,0
DA:71,0
DA:72,0
DA:73,0
LF:47
LH:10
BRDA:17,0,0,9
BRDA:23,1,0,0
BRF:2
BRH:1
end_of_record
TN:
SF:src\sockets\socketServer.ts
FN:28,initSocketServer
FN:443,getSocketServer
FN:454,getIO
FN:462,resetSocketServer
FNF:4
FNH:2
FNDA:9,initSocketServer
FNDA:0,getSocketServer
FNDA:0,getIO
FNDA:9,resetSocketServer
DA:1,1
DA:22,1
DA:28,9
DA:29,9
DA:30,0
DA:31,0
DA:32,0
DA:36,9
DA:37,9
DA:38,9
DA:39,9
DA:40,9
DA:41,9
DA:42,9
DA:43,9
DA:46,9
DA:49,9
DA:51,9
DA:52,28
DA:53,28
DA:54,0
DA:55,0
DA:56,0
DA:57,0
DA:59,28
DA:60,28
DA:63,28
DA:66,28
DA:67,7
DA:68,7
DA:69,7
DA:70,7
DA:71,0
DA:72,0
DA:75,7
DA:76,7
DA:77,1
DA:78,1
DA:80,6
DA:81,7
DA:82,0
DA:83,0
DA:85,6
DA:86,6
DA:87,6
DA:89,6
DA:90,6
DA:91,7
DA:92,1
DA:93,1
DA:94,1
DA:95,1
DA:96,7
DA:97,28
DA:100,28
DA:101,1
DA:102,1
DA:103,1
DA:104,1
DA:105,0
DA:106,0
DA:108,1
DA:109,0
DA:110,0
DA:113,1
DA:114,1
DA:115,1
DA:116,1
DA:117,1
DA:118,1
DA:119,1
DA:120,1
DA:122,1
DA:123,1
DA:126,1
DA:127,1
DA:128,1
DA:129,1
DA:131,1
DA:132,1
DA:133,1
DA:134,0
DA:135,0
DA:136,0
DA:137,0
DA:138,1
DA:139,28
DA:142,28
DA:143,3
DA:144,3
DA:148,3
DA:149,3
DA:150,1
DA:151,1
DA:152,1
DA:153,1
DA:154,1
DA:155,1
DA:156,1
DA:157,1
DA:158,1
DA:159,1
DA:160,2
DA:163,2
DA:164,3
DA:165,1
DA:166,1
DA:168,1
DA:169,3
DA:170,0
DA:171,0
DA:174,1
DA:175,1
DA:176,1
DA:177,1
DA:178,1
DA:179,1
DA:180,1
DA:181,1
DA:184,3
DA:185,3
DA:188,1
DA:191,1
DA:194,1
DA:195,2
DA:196,2
DA:197,1
DA:198,1
DA:199,1
DA:200,1
DA:203,1
DA:204,1
DA:205,1
DA:206,1
DA:207,1
DA:208,1
DA:209,1
DA:210,1
DA:211,1
DA:212,1
DA:213,1
DA:214,1
DA:215,1
DA:217,1
DA:218,1
DA:219,3
DA:220,1
DA:221,1
DA:222,1
DA:223,1
DA:224,3
DA:225,28
DA:228,28
DA:229,1
DA:230,1
DA:231,1
DA:232,1
DA:233,0
DA:234,0
DA:237,1
DA:238,1
DA:239,0
DA:240,0
DA:242,1
DA:243,1
DA:244,0
DA:245,0
DA:247,1
DA:250,1
DA:253,1
DA:256,1
DA:257,1
DA:258,1
DA:259,1
DA:260,1
DA:261,1
DA:262,1
DA:264,1
DA:265,1
DA:266,1
DA:267,0
DA:268,0
DA:269,0
DA:270,0
DA:271,1
DA:272,28
DA:275,28
DA:276,0
DA:277,0
DA:278,0
DA:279,0
DA:280,0
DA:281,0
DA:282,0
DA:283,0
DA:284,0
DA:285,0
DA:286,0
DA:287,0
DA:288,0
DA:290,0
DA:291,0
DA:292,0
DA:293,0
DA:294,0
DA:295,0
DA:296,0
DA:297,28
DA:300,28
DA:301,28
DA:302,28
DA:303,1
DA:304,1
DA:305,1
DA:306,1
DA:307,1
DA:309,1
DA:310,1
DA:311,1
DA:312,0
DA:313,0
DA:316,1
DA:317,1
DA:318,0
DA:319,0
DA:322,1
DA:324,1
DA:325,0
DA:326,0
DA:327,0
DA:328,0
DA:329,0
DA:330,0
DA:331,0
DA:332,0
DA:333,0
DA:336,1
DA:337,1
DA:338,1
DA:339,1
DA:340,1
DA:342,1
DA:344,1
DA:345,1
DA:346,0
DA:347,0
DA:348,0
DA:349,0
DA:350,1
DA:351,1
DA:352,28
DA:355,28
DA:356,1
DA:357,1
DA:358,1
DA:359,1
DA:360,0
DA:361,0
DA:363,1
DA:365,1
DA:366,1
DA:367,1
DA:368,1
DA:369,1
DA:370,1
DA:371,1
DA:372,1
DA:373,1
DA:374,1
DA:375,1
DA:377,1
DA:378,1
DA:379,1
DA:380,0
DA:381,0
DA:382,0
DA:383,0
DA:384,1
DA:385,28
DA:388,28
DA:389,1
DA:390,1
DA:391,1
DA:393,1
DA:395,1
DA:396,1
DA:397,0
DA:398,0
DA:399,1
DA:400,1
DA:401,1
DA:402,1
DA:405,0
DA:406,0
DA:407,0
DA:409,0
DA:410,0
DA:411,0
DA:412,0
DA:413,0
DA:415,0
DA:416,0
DA:417,0
DA:418,0
DA:419,0
DA:420,0
DA:421,0
DA:422,1
DA:423,0
DA:424,0
DA:425,0
DA:426,0
DA:427,1
DA:428,28
DA:431,28
DA:432,28
DA:433,28
DA:434,9
DA:436,9
DA:437,9
DA:438,9
DA:443,1
DA:444,0
DA:445,0
DA:446,0
DA:447,0
DA:448,0
DA:454,1
DA:455,0
DA:456,0
DA:462,1
DA:463,9
DA:464,9
LF:333
LH:231
BRDA:28,0,0,9
BRDA:29,1,0,0
BRDA:51,2,0,28
BRDA:53,3,0,0
BRDA:66,4,0,7
BRDA:67,5,0,7
BRDA:70,6,0,0
BRDA:76,7,0,1
BRDA:78,8,0,6
BRDA:81,9,0,0
BRDA:83,10,0,6
BRDA:91,11,0,1
BRDA:92,12,0,0
BRDA:100,13,0,1
BRDA:101,14,0,1
BRDA:104,15,0,0
BRDA:108,16,0,0
BRDA:133,17,0,0
BRDA:142,18,0,3
BRDA:143,19,0,3
BRDA:149,20,0,1
BRDA:159,21,0,2
BRDA:164,22,0,1
BRDA:169,23,0,0
BRDA:171,24,0,1
BRDA:184,25,0,0
BRDA:185,26,0,1
BRDA:219,27,0,1
BRDA:220,28,0,0
BRDA:194,29,0,2
BRDA:196,30,0,1
BRDA:209,31,0,0
BRDA:228,32,0,1
BRDA:229,33,0,1
BRDA:232,34,0,0
BRDA:238,35,0,0
BRDA:243,36,0,0
BRDA:266,37,0,0
BRDA:302,38,0,1
BRDA:306,39,0,1
BRDA:311,40,0,0
BRDA:317,41,0,0
BRDA:324,42,0,0
BRDA:345,43,0,0
BRDA:342,44,0,1
BRDA:355,45,0,1
BRDA:356,46,0,1
BRDA:359,47,0,0
BRDA:379,48,0,0
BRDA:388,49,0,1
BRDA:389,50,0,1
BRDA:396,51,0,0
BRDA:402,52,0,0
BRDA:422,53,0,0
BRDA:431,54,0,28
BRDA:462,55,0,9
BRF:56
BRH:31
end_of_record
TN:
SF:src\sockets\utils.ts
FN:15,generateRoomId
FN:29,getConversationRoomId
FNF:2
FNH:2
FNDA:19,generateRoomId
FNDA:12,getConversationRoomId
DA:1,1
DA:15,1
DA:16,19
DA:17,0
DA:18,0
DA:19,19
DA:20,19
DA:21,19
DA:22,19
DA:29,1
DA:34,12
DA:35,12
DA:36,11
DA:37,11
DA:38,11
DA:39,11
DA:40,11
DA:41,1
DA:42,12
DA:43,0
DA:44,0
DA:45,1
DA:46,1
LF:23
LH:19
BRDA:15,0,0,19
BRDA:16,1,0,0
BRDA:29,2,0,12
BRDA:35,3,0,11
BRDA:35,4,0,11
BRDA:40,5,0,1
BRDA:41,6,0,0
BRDA:42,7,0,0
BRDA:44,8,0,1
BRF:9
BRH:6
end_of_record
